[ 2016-08-22T16:12:56+08:00 ] ::1 /
INFO: [ app_init ] --START--
INFO: Run Behavior\BuildLiteBehavior [ RunTime:0.000032s ]
INFO: [ app_init ] --END-- [ RunTime:0.007981s ]
INFO: [ app_begin ] --START--
INFO: Run Behavior\ReadHtmlCacheBehavior [ RunTime:0.002808s ]
INFO: [ app_begin ] --END-- [ RunTime:0.002980s ]
SQL: SHOW COLUMNS FROM `picture` [ RunTime:0.0023s ]
SQL: SELECT * FROM `picture`  [ RunTime:0.0008s ]
SQL: SHOW COLUMNS FROM `article` [ RunTime:0.0010s ]
SQL: SELECT * FROM `article` WHERE `category` = '0' AND `ishome` = 'yes' ORDER BY id DESC LIMIT 2   [ RunTime:0.0011s ]
SQL: SHOW COLUMNS FROM `video` [ RunTime:0.0009s ]
SQL: SELECT * FROM `video` WHERE `ishome` = 'yes' ORDER BY id DESC LIMIT 2   [ RunTime:0.0013s ]
SQL: SELECT * FROM `article` WHERE `ishome` = 'yes' AND `category` BETWEEN '11' AND '15' ORDER BY id DESC LIMIT 8   [ RunTime:0.0006s ]
INFO: [ view_parse ] --START--
INFO: [ template_filter ] --START--
INFO: Run Behavior\ContentReplaceBehavior [ RunTime:0.000313s ]
INFO: [ template_filter ] --END-- [ RunTime:0.000429s ]
INFO: Run Behavior\ParseTemplateBehavior [ RunTime:0.391765s ]
INFO: [ view_parse ] --END-- [ RunTime:0.391904s ]
INFO: [ view_filter ] --START--
INFO: Run Behavior\WriteHtmlCacheBehavior [ RunTime:0.027148s ]
INFO: [ view_filter ] --END-- [ RunTime:0.027263s ]
INFO: [ app_end ] --START--
INFO: Run Behavior\ShowPageTraceBehavior [ RunTime:0.033276s ]
INFO: [ app_end ] --END-- [ RunTime:0.033394s ]

[ 2016-08-22T16:13:27+08:00 ] ::1 /
INFO: [ app_init ] --START--
INFO: Run Behavior\BuildLiteBehavior [ RunTime:0.000022s ]
INFO: [ app_init ] --END-- [ RunTime:0.000927s ]
INFO: [ app_begin ] --START--
INFO: Run Behavior\ReadHtmlCacheBehavior [ RunTime:0.001011s ]
INFO: [ app_begin ] --END-- [ RunTime:0.001100s ]
SQL: SHOW COLUMNS FROM `picture` [ RunTime:0.0015s ]
SQL: SELECT * FROM `picture`  [ RunTime:0.0004s ]
SQL: SHOW COLUMNS FROM `article` [ RunTime:0.0008s ]
SQL: SELECT * FROM `article` WHERE `category` = '0' AND `ishome` = 'yes' ORDER BY id DESC LIMIT 2   [ RunTime:0.0005s ]
SQL: SHOW COLUMNS FROM `video` [ RunTime:0.0006s ]
SQL: SELECT * FROM `video` WHERE `ishome` = 'yes' ORDER BY id DESC LIMIT 2   [ RunTime:0.0004s ]
SQL: SELECT * FROM `article` WHERE `ishome` = 'yes' AND `category` BETWEEN '11' AND '15' ORDER BY id DESC LIMIT 8   [ RunTime:0.0004s ]
INFO: [ view_parse ] --START--
INFO: [ template_filter ] --START--
INFO: Run Behavior\ContentReplaceBehavior [ RunTime:0.000116s ]
INFO: [ template_filter ] --END-- [ RunTime:0.000164s ]
INFO: Run Behavior\ParseTemplateBehavior [ RunTime:0.013013s ]
INFO: [ view_parse ] --END-- [ RunTime:0.013062s ]
INFO: [ view_filter ] --START--
INFO: Run Behavior\WriteHtmlCacheBehavior [ RunTime:0.000487s ]
INFO: [ view_filter ] --END-- [ RunTime:0.000529s ]
INFO: [ app_end ] --START--
INFO: Run Behavior\ShowPageTraceBehavior [ RunTime:0.000690s ]
INFO: [ app_end ] --END-- [ RunTime:0.000731s ]

