[ 2016-09-12T15:19:26+08:00 ] ::1 /
INFO: [ app_init ] --START--
INFO: Run Behavior\BuildLiteBehavior [ RunTime:0.000011s ]
INFO: [ app_init ] --END-- [ RunTime:0.001559s ]
INFO: [ app_begin ] --START--
INFO: Run Behavior\ReadHtmlCacheBehavior [ RunTime:0.000943s ]
INFO: [ app_begin ] --END-- [ RunTime:0.000984s ]
SQL: SHOW COLUMNS FROM `picture` [ RunTime:0.0028s ]
SQL: SELECT * FROM `picture`  [ RunTime:0.0006s ]
SQL: SHOW COLUMNS FROM `article` [ RunTime:0.0010s ]
SQL: SELECT * FROM `article` WHERE `category` = '0' AND `ishome` = 'yes' ORDER BY id DESC LIMIT 2   [ RunTime:0.0010s ]
SQL: SHOW COLUMNS FROM `video` [ RunTime:0.0009s ]
SQL: SELECT * FROM `video` WHERE `ishome` = '是' ORDER BY id DESC LIMIT 2   [ RunTime:0.0005s ]
SQL: SELECT * FROM `article` WHERE `ishome` = 'yes' AND `category` BETWEEN '11' AND '15' ORDER BY id DESC LIMIT 8   [ RunTime:0.0008s ]
INFO: [ view_parse ] --START--
INFO: [ template_filter ] --START--
INFO: Run Behavior\ContentReplaceBehavior [ RunTime:0.001187s ]
INFO: [ template_filter ] --END-- [ RunTime:0.001323s ]
INFO: Run Behavior\ParseTemplateBehavior [ RunTime:0.414197s ]
INFO: [ view_parse ] --END-- [ RunTime:0.414273s ]
INFO: [ view_filter ] --START--
INFO: Run Behavior\WriteHtmlCacheBehavior [ RunTime:0.060161s ]
INFO: [ view_filter ] --END-- [ RunTime:0.060233s ]
INFO: [ app_end ] --START--
INFO: Run Behavior\ShowPageTraceBehavior [ RunTime:0.021813s ]
INFO: [ app_end ] --END-- [ RunTime:0.021902s ]

[ 2016-09-12T15:19:57+08:00 ] ::1 /
INFO: [ app_init ] --START--
INFO: Run Behavior\BuildLiteBehavior [ RunTime:0.000008s ]
INFO: [ app_init ] --END-- [ RunTime:0.000350s ]
INFO: [ app_begin ] --START--
INFO: Run Behavior\ReadHtmlCacheBehavior [ RunTime:0.000361s ]
INFO: [ app_begin ] --END-- [ RunTime:0.000390s ]
SQL: SHOW COLUMNS FROM `picture` [ RunTime:0.0008s ]
SQL: SELECT * FROM `picture`  [ RunTime:0.0003s ]
SQL: SHOW COLUMNS FROM `article` [ RunTime:0.0006s ]
SQL: SELECT * FROM `article` WHERE `category` = '0' AND `ishome` = 'yes' ORDER BY id DESC LIMIT 2   [ RunTime:0.0004s ]
SQL: SHOW COLUMNS FROM `video` [ RunTime:0.0005s ]
SQL: SELECT * FROM `video` WHERE `ishome` = '是' ORDER BY id DESC LIMIT 2   [ RunTime:0.0003s ]
SQL: SELECT * FROM `article` WHERE `ishome` = 'yes' AND `category` BETWEEN '11' AND '15' ORDER BY id DESC LIMIT 8   [ RunTime:0.0004s ]
INFO: [ view_parse ] --START--
INFO: [ template_filter ] --START--
INFO: Run Behavior\ContentReplaceBehavior [ RunTime:0.000076s ]
INFO: [ template_filter ] --END-- [ RunTime:0.000108s ]
INFO: Run Behavior\ParseTemplateBehavior [ RunTime:0.009412s ]
INFO: [ view_parse ] --END-- [ RunTime:0.009444s ]
INFO: [ view_filter ] --START--
INFO: Run Behavior\WriteHtmlCacheBehavior [ RunTime:0.000346s ]
INFO: [ view_filter ] --END-- [ RunTime:0.000371s ]
INFO: [ app_end ] --START--
INFO: Run Behavior\ShowPageTraceBehavior [ RunTime:0.000499s ]
INFO: [ app_end ] --END-- [ RunTime:0.000532s ]

[ 2016-09-12T15:25:06+08:00 ] ::1 /index.php
INFO: [ app_init ] --START--
INFO: Run Behavior\BuildLiteBehavior [ RunTime:0.000009s ]
INFO: [ app_init ] --END-- [ RunTime:0.000402s ]
INFO: [ app_begin ] --START--
INFO: Run Behavior\ReadHtmlCacheBehavior [ RunTime:0.000610s ]
INFO: [ app_begin ] --END-- [ RunTime:0.000647s ]
SQL: SHOW COLUMNS FROM `picture` [ RunTime:0.0015s ]
SQL: SELECT * FROM `picture`  [ RunTime:0.0006s ]
SQL: SHOW COLUMNS FROM `article` [ RunTime:0.0011s ]
SQL: SELECT * FROM `article` WHERE `category` = '0' AND `ishome` = 'yes' ORDER BY id DESC LIMIT 2   [ RunTime:0.0007s ]
SQL: SHOW COLUMNS FROM `video` [ RunTime:0.0009s ]
SQL: SELECT * FROM `video` WHERE `ishome` = '是' ORDER BY id DESC LIMIT 2   [ RunTime:0.0005s ]
SQL: SELECT * FROM `article` WHERE `ishome` = 'yes' AND `category` BETWEEN '11' AND '15' ORDER BY id DESC LIMIT 8   [ RunTime:0.0008s ]
INFO: [ view_parse ] --START--
INFO: [ template_filter ] --START--
INFO: Run Behavior\ContentReplaceBehavior [ RunTime:0.006133s ]
INFO: [ template_filter ] --END-- [ RunTime:0.006208s ]
INFO: Run Behavior\ParseTemplateBehavior [ RunTime:0.024622s ]
INFO: [ view_parse ] --END-- [ RunTime:0.024688s ]
INFO: [ view_filter ] --START--
INFO: Run Behavior\WriteHtmlCacheBehavior [ RunTime:0.000652s ]
INFO: [ view_filter ] --END-- [ RunTime:0.000706s ]
INFO: [ app_end ] --START--
INFO: Run Behavior\ShowPageTraceBehavior [ RunTime:0.000926s ]
INFO: [ app_end ] --END-- [ RunTime:0.000993s ]

[ 2016-09-12T15:25:11+08:00 ] ::1 /fhcase/index.html
INFO: [ app_init ] --START--
INFO: Run Behavior\BuildLiteBehavior [ RunTime:0.000010s ]
INFO: [ app_init ] --END-- [ RunTime:0.000413s ]
INFO: [ app_begin ] --START--
INFO: Run Behavior\ReadHtmlCacheBehavior [ RunTime:0.000604s ]
INFO: [ app_begin ] --END-- [ RunTime:0.000650s ]
SQL: SHOW COLUMNS FROM `picture` [ RunTime:0.0019s ]
SQL: SELECT * FROM `picture`  [ RunTime:0.0004s ]
SQL: SHOW COLUMNS FROM `article` [ RunTime:0.0015s ]
SQL: SELECT * FROM `article` WHERE `category` = '14' ORDER BY id DESC LIMIT 2   [ RunTime:0.0005s ]
SQL: SELECT * FROM `article` WHERE `category` = '11' ORDER BY id DESC LIMIT 2   [ RunTime:0.0006s ]
SQL: SELECT * FROM `article` WHERE `category` = '15' ORDER BY id DESC LIMIT 2   [ RunTime:0.0005s ]
SQL: SELECT * FROM `article` WHERE `category` = '12' ORDER BY id DESC LIMIT 2   [ RunTime:0.0002s ]
SQL: SELECT * FROM `article` WHERE `category` = '13' ORDER BY id DESC LIMIT 2   [ RunTime:0.0002s ]
INFO: [ view_parse ] --START--
INFO: [ template_filter ] --START--
INFO: Run Behavior\ContentReplaceBehavior [ RunTime:0.000091s ]
INFO: [ template_filter ] --END-- [ RunTime:0.000123s ]
INFO: Run Behavior\ParseTemplateBehavior [ RunTime:0.056361s ]
INFO: [ view_parse ] --END-- [ RunTime:0.056395s ]
INFO: [ view_filter ] --START--
INFO: Run Behavior\WriteHtmlCacheBehavior [ RunTime:0.000353s ]
INFO: [ view_filter ] --END-- [ RunTime:0.000382s ]
INFO: [ app_end ] --START--
INFO: Run Behavior\ShowPageTraceBehavior [ RunTime:0.000474s ]
INFO: [ app_end ] --END-- [ RunTime:0.000507s ]

[ 2016-09-12T15:28:43+08:00 ] ::1 /fhcase/index.html
INFO: [ app_init ] --START--
INFO: Run Behavior\BuildLiteBehavior [ RunTime:0.000013s ]
INFO: [ app_init ] --END-- [ RunTime:0.000476s ]
INFO: [ app_begin ] --START--
INFO: Run Behavior\ReadHtmlCacheBehavior [ RunTime:0.000516s ]
INFO: [ app_begin ] --END-- [ RunTime:0.000556s ]
SQL: SHOW COLUMNS FROM `picture` [ RunTime:0.0025s ]
SQL: SELECT * FROM `picture`  [ RunTime:0.0005s ]
SQL: SHOW COLUMNS FROM `article` [ RunTime:0.0013s ]
SQL: SELECT * FROM `article` WHERE `category` = '14' ORDER BY id DESC LIMIT 2   [ RunTime:0.0008s ]
SQL: SELECT * FROM `article` WHERE `category` = '11' ORDER BY id DESC LIMIT 2   [ RunTime:0.0007s ]
SQL: SELECT * FROM `article` WHERE `category` = '15' ORDER BY id DESC LIMIT 2   [ RunTime:0.0004s ]
SQL: SELECT * FROM `article` WHERE `category` = '12' ORDER BY id DESC LIMIT 2   [ RunTime:0.0004s ]
SQL: SELECT * FROM `article` WHERE `category` = '13' ORDER BY id DESC LIMIT 2   [ RunTime:0.0004s ]
INFO: [ view_parse ] --START--
INFO: [ template_filter ] --START--
INFO: Run Behavior\ContentReplaceBehavior [ RunTime:0.000095s ]
INFO: [ template_filter ] --END-- [ RunTime:0.000130s ]
INFO: Run Behavior\ParseTemplateBehavior [ RunTime:0.012644s ]
INFO: [ view_parse ] --END-- [ RunTime:0.012680s ]
INFO: [ view_filter ] --START--
INFO: Run Behavior\WriteHtmlCacheBehavior [ RunTime:0.000399s ]
INFO: [ view_filter ] --END-- [ RunTime:0.000425s ]
INFO: [ app_end ] --START--
INFO: Run Behavior\ShowPageTraceBehavior [ RunTime:0.000524s ]
INFO: [ app_end ] --END-- [ RunTime:0.000556s ]

[ 2016-09-12T15:28:45+08:00 ] ::1 /fhcase/fhcase/cid/14.html
INFO: [ app_init ] --START--
INFO: Run Behavior\BuildLiteBehavior [ RunTime:0.000009s ]
INFO: [ app_init ] --END-- [ RunTime:0.000489s ]
INFO: [ app_begin ] --START--
INFO: Run Behavior\ReadHtmlCacheBehavior [ RunTime:0.000524s ]
INFO: [ app_begin ] --END-- [ RunTime:0.000556s ]
SQL: SHOW COLUMNS FROM `picture` [ RunTime:0.0007s ]
SQL: SELECT * FROM `picture`  [ RunTime:0.0004s ]
SQL: SHOW COLUMNS FROM `article` [ RunTime:0.0006s ]
SQL: SELECT COUNT(*) AS tp_count FROM `article` WHERE `category` = '14' LIMIT 1   [ RunTime:0.0003s ]
SQL: SELECT * FROM `article` WHERE `category` = '14' ORDER BY id DESC LIMIT 0,8   [ RunTime:0.0005s ]
INFO: [ view_parse ] --START--
INFO: [ template_filter ] --START--
INFO: Run Behavior\ContentReplaceBehavior [ RunTime:0.000092s ]
INFO: [ template_filter ] --END-- [ RunTime:0.000126s ]
INFO: Run Behavior\ParseTemplateBehavior [ RunTime:0.019831s ]
INFO: [ view_parse ] --END-- [ RunTime:0.019868s ]
INFO: [ view_filter ] --START--
INFO: Run Behavior\WriteHtmlCacheBehavior [ RunTime:0.000335s ]
INFO: [ view_filter ] --END-- [ RunTime:0.000368s ]
INFO: [ app_end ] --START--
INFO: Run Behavior\ShowPageTraceBehavior [ RunTime:0.000510s ]
INFO: [ app_end ] --END-- [ RunTime:0.000542s ]

