[ 2016-09-07T15:26:16+08:00 ] ::1 /
INFO: [ app_init ] --START--
INFO: Run Behavior\BuildLiteBehavior [ RunTime:0.000013s ]
INFO: [ app_init ] --END-- [ RunTime:0.037980s ]
INFO: [ app_begin ] --START--
INFO: Run Behavior\ReadHtmlCacheBehavior [ RunTime:0.025909s ]
INFO: [ app_begin ] --END-- [ RunTime:0.025972s ]
SQL: SHOW COLUMNS FROM `picture` [ RunTime:0.0027s ]
SQL: SELECT * FROM `picture`  [ RunTime:0.0006s ]
SQL: SHOW COLUMNS FROM `article` [ RunTime:0.0012s ]
SQL: SELECT * FROM `article` WHERE `category` = '0' AND `ishome` = 'yes' ORDER BY id DESC LIMIT 2   [ RunTime:0.0010s ]
SQL: SHOW COLUMNS FROM `video` [ RunTime:0.0008s ]
SQL: SELECT * FROM `video` WHERE `ishome` = '是' ORDER BY id DESC LIMIT 2   [ RunTime:0.0006s ]
SQL: SELECT * FROM `article` WHERE `ishome` = 'yes' AND `category` BETWEEN '11' AND '15' ORDER BY id DESC LIMIT 8   [ RunTime:0.0009s ]
INFO: [ view_parse ] --START--
INFO: [ template_filter ] --START--
INFO: Run Behavior\ContentReplaceBehavior [ RunTime:0.000103s ]
INFO: [ template_filter ] --END-- [ RunTime:0.000157s ]
INFO: Run Behavior\ParseTemplateBehavior [ RunTime:0.290913s ]
INFO: [ view_parse ] --END-- [ RunTime:0.290972s ]
INFO: [ view_filter ] --START--
INFO: Run Behavior\WriteHtmlCacheBehavior [ RunTime:0.040875s ]
INFO: [ view_filter ] --END-- [ RunTime:0.040954s ]
INFO: [ app_end ] --START--
INFO: Run Behavior\ShowPageTraceBehavior [ RunTime:0.001038s ]
INFO: [ app_end ] --END-- [ RunTime:0.001071s ]

[ 2016-09-07T15:27:02+08:00 ] ::1 /
INFO: [ app_init ] --START--
INFO: Run Behavior\BuildLiteBehavior [ RunTime:0.000008s ]
INFO: [ app_init ] --END-- [ RunTime:0.000405s ]
INFO: [ app_begin ] --START--
INFO: Run Behavior\ReadHtmlCacheBehavior [ RunTime:0.000453s ]
INFO: [ app_begin ] --END-- [ RunTime:0.000485s ]
SQL: SHOW COLUMNS FROM `picture` [ RunTime:0.0013s ]
SQL: SELECT * FROM `picture`  [ RunTime:0.0003s ]
SQL: SHOW COLUMNS FROM `article` [ RunTime:0.0007s ]
SQL: SELECT * FROM `article` WHERE `category` = '0' AND `ishome` = 'yes' ORDER BY id DESC LIMIT 2   [ RunTime:0.0005s ]
SQL: SHOW COLUMNS FROM `video` [ RunTime:0.0006s ]
SQL: SELECT * FROM `video` WHERE `ishome` = '是' ORDER BY id DESC LIMIT 2   [ RunTime:0.0003s ]
SQL: SELECT * FROM `article` WHERE `ishome` = 'yes' AND `category` BETWEEN '11' AND '15' ORDER BY id DESC LIMIT 8   [ RunTime:0.0008s ]
INFO: [ view_parse ] --START--
INFO: [ template_filter ] --START--
INFO: Run Behavior\ContentReplaceBehavior [ RunTime:0.000078s ]
INFO: [ template_filter ] --END-- [ RunTime:0.000111s ]
INFO: Run Behavior\ParseTemplateBehavior [ RunTime:0.009881s ]
INFO: [ view_parse ] --END-- [ RunTime:0.009919s ]
INFO: [ view_filter ] --START--
INFO: Run Behavior\WriteHtmlCacheBehavior [ RunTime:0.000294s ]
INFO: [ view_filter ] --END-- [ RunTime:0.000321s ]
INFO: [ app_end ] --START--
INFO: Run Behavior\ShowPageTraceBehavior [ RunTime:0.000416s ]
INFO: [ app_end ] --END-- [ RunTime:0.000467s ]

