[ 2016-08-22T17:37:40+08:00 ] ::1 /admin.php
INFO: [ app_init ] --START--
INFO: Run Behavior\BuildLiteBehavior [ RunTime:0.000008s ]
INFO: [ app_init ] --END-- [ RunTime:0.000349s ]
INFO: [ app_begin ] --START--
INFO: Run Behavior\ReadHtmlCacheBehavior [ RunTime:0.000592s ]
INFO: [ app_begin ] --END-- [ RunTime:0.000634s ]

[ 2016-08-22T17:37:40+08:00 ] ::1 /admin.php/Login/index.html
INFO: [ app_init ] --START--
INFO: Run Behavior\BuildLiteBehavior [ RunTime:0.000013s ]
INFO: [ app_init ] --END-- [ RunTime:0.000527s ]
INFO: [ app_begin ] --START--
INFO: Run Behavior\ReadHtmlCacheBehavior [ RunTime:0.000544s ]
INFO: [ app_begin ] --END-- [ RunTime:0.000584s ]
INFO: [ view_parse ] --START--
INFO: [ template_filter ] --START--
INFO: Run Behavior\ContentReplaceBehavior [ RunTime:0.000113s ]
INFO: [ template_filter ] --END-- [ RunTime:0.000192s ]
INFO: Run Behavior\ParseTemplateBehavior [ RunTime:0.032365s ]
INFO: [ view_parse ] --END-- [ RunTime:0.032428s ]
INFO: [ view_filter ] --START--
INFO: Run Behavior\WriteHtmlCacheBehavior [ RunTime:0.000619s ]
INFO: [ view_filter ] --END-- [ RunTime:0.000680s ]
INFO: [ app_end ] --START--
INFO: Run Behavior\ShowPageTraceBehavior [ RunTime:0.000906s ]
INFO: [ app_end ] --END-- [ RunTime:0.000965s ]

[ 2016-08-22T17:37:47+08:00 ] ::1 /admin.php/login/login.html
INFO: [ app_init ] --START--
INFO: Run Behavior\BuildLiteBehavior [ RunTime:0.000009s ]
INFO: [ app_init ] --END-- [ RunTime:0.000346s ]
INFO: [ app_begin ] --START--
INFO: Run Behavior\ReadHtmlCacheBehavior [ RunTime:0.000677s ]
INFO: [ app_begin ] --END-- [ RunTime:0.000716s ]
SQL: SHOW COLUMNS FROM `user` [ RunTime:0.0035s ]
SQL: SELECT * FROM `user` WHERE ( username = 'admin' and password= '21232f297a57a5a743894a0e4a801fc3' ) LIMIT 1   [ RunTime:0.0022s ]
SQL: UPDATE `user` SET `update_at`='1471858667',`login_ip`='0.0.0.0' WHERE `id` = 1 [ RunTime:0.0071s ]
INFO: [ view_parse ] --START--
INFO: [ template_filter ] --START--
INFO: Run Behavior\ContentReplaceBehavior [ RunTime:0.000033s ]
INFO: [ template_filter ] --END-- [ RunTime:0.000065s ]
INFO: Run Behavior\ParseTemplateBehavior [ RunTime:0.049118s ]
INFO: [ view_parse ] --END-- [ RunTime:0.049151s ]
INFO: [ view_filter ] --START--
INFO: Run Behavior\WriteHtmlCacheBehavior [ RunTime:0.000340s ]
INFO: [ view_filter ] --END-- [ RunTime:0.000367s ]
INFO: [ app_end ] --START--
INFO: Run Behavior\ShowPageTraceBehavior [ RunTime:0.000417s ]
INFO: [ app_end ] --END-- [ RunTime:0.000443s ]

[ 2016-08-22T17:37:48+08:00 ] ::1 /admin.php/Index/index.html
INFO: [ app_init ] --START--
INFO: Run Behavior\BuildLiteBehavior [ RunTime:0.000027s ]
INFO: [ app_init ] --END-- [ RunTime:0.000889s ]
INFO: [ app_begin ] --START--
INFO: Run Behavior\ReadHtmlCacheBehavior [ RunTime:0.000934s ]
INFO: [ app_begin ] --END-- [ RunTime:0.001028s ]
INFO: [ view_parse ] --START--
INFO: [ template_filter ] --START--
INFO: Run Behavior\ContentReplaceBehavior [ RunTime:0.000126s ]
INFO: [ template_filter ] --END-- [ RunTime:0.000170s ]
INFO: Run Behavior\ParseTemplateBehavior [ RunTime:0.015544s ]
INFO: [ view_parse ] --END-- [ RunTime:0.015647s ]
INFO: [ view_filter ] --START--
INFO: Run Behavior\WriteHtmlCacheBehavior [ RunTime:0.000475s ]
INFO: [ view_filter ] --END-- [ RunTime:0.000506s ]
INFO: [ app_end ] --START--
INFO: Run Behavior\ShowPageTraceBehavior [ RunTime:0.000435s ]
INFO: [ app_end ] --END-- [ RunTime:0.000465s ]

[ 2016-08-22T17:37:53+08:00 ] ::1 /admin.php/user/index.html
INFO: [ app_init ] --START--
INFO: Run Behavior\BuildLiteBehavior [ RunTime:0.000010s ]
INFO: [ app_init ] --END-- [ RunTime:0.000392s ]
INFO: [ app_begin ] --START--
INFO: Run Behavior\ReadHtmlCacheBehavior [ RunTime:0.000431s ]
INFO: [ app_begin ] --END-- [ RunTime:0.000482s ]
SQL: SHOW COLUMNS FROM `user` [ RunTime:0.0062s ]
SQL: SELECT * FROM `user` ORDER BY id ASC  [ RunTime:0.0006s ]
INFO: [ view_parse ] --START--
INFO: [ template_filter ] --START--
INFO: Run Behavior\ContentReplaceBehavior [ RunTime:0.000226s ]
INFO: [ template_filter ] --END-- [ RunTime:0.000305s ]
INFO: Run Behavior\ParseTemplateBehavior [ RunTime:0.019924s ]
INFO: [ view_parse ] --END-- [ RunTime:0.020000s ]
INFO: [ view_filter ] --START--
INFO: Run Behavior\WriteHtmlCacheBehavior [ RunTime:0.000660s ]
INFO: [ view_filter ] --END-- [ RunTime:0.000727s ]
INFO: [ app_end ] --START--
INFO: Run Behavior\ShowPageTraceBehavior [ RunTime:0.000988s ]
INFO: [ app_end ] --END-- [ RunTime:0.001038s ]

[ 2016-08-22T17:37:55+08:00 ] ::1 /admin.php/user/add.html
INFO: [ app_init ] --START--
INFO: Run Behavior\BuildLiteBehavior [ RunTime:0.000009s ]
INFO: [ app_init ] --END-- [ RunTime:0.000292s ]
INFO: [ app_begin ] --START--
INFO: Run Behavior\ReadHtmlCacheBehavior [ RunTime:0.000405s ]
INFO: [ app_begin ] --END-- [ RunTime:0.000457s ]
INFO: [ view_parse ] --START--
INFO: [ template_filter ] --START--
INFO: Run Behavior\ContentReplaceBehavior [ RunTime:0.000112s ]
INFO: [ template_filter ] --END-- [ RunTime:0.000170s ]
INFO: Run Behavior\ParseTemplateBehavior [ RunTime:0.008234s ]
INFO: [ view_parse ] --END-- [ RunTime:0.008346s ]
INFO: [ view_filter ] --START--
INFO: Run Behavior\WriteHtmlCacheBehavior [ RunTime:0.000996s ]
INFO: [ view_filter ] --END-- [ RunTime:0.001070s ]
INFO: [ app_end ] --START--
INFO: Run Behavior\ShowPageTraceBehavior [ RunTime:0.000536s ]
INFO: [ app_end ] --END-- [ RunTime:0.000581s ]

[ 2016-08-22T17:38:06+08:00 ] ::1 /admin.php/user/add.html
INFO: [ app_init ] --START--
INFO: Run Behavior\BuildLiteBehavior [ RunTime:0.000008s ]
INFO: [ app_init ] --END-- [ RunTime:0.000287s ]
INFO: [ app_begin ] --START--
INFO: Run Behavior\ReadHtmlCacheBehavior [ RunTime:0.000397s ]
INFO: [ app_begin ] --END-- [ RunTime:0.000429s ]
SQL: SHOW COLUMNS FROM `user` [ RunTime:0.0031s ]
NOTIC: [8] Undefined index: validate D:\My Web Sites\FengHuang2016\ThinkPHP\Library\Think\Model.class.php 第 1185 行.
SQL: SELECT * FROM `user` WHERE `username` = 'test' LIMIT 1   [ RunTime:0.0006s ]
NOTIC: [8] Undefined index: auto D:\My Web Sites\FengHuang2016\ThinkPHP\Library\Think\Model.class.php 第 1128 行.
SQL: INSERT INTO `user` (`username`,`password`,`create_at`,`login_ip`) VALUES ('test','e10adc3949ba59abbe56e057f20f883e','1471858686','0.0.0.0') [ RunTime:0.0078s ]
INFO: [ view_parse ] --START--
INFO: [ template_filter ] --START--
INFO: Run Behavior\ContentReplaceBehavior [ RunTime:0.000108s ]
INFO: [ template_filter ] --END-- [ RunTime:0.000172s ]
INFO: Run Behavior\ParseTemplateBehavior [ RunTime:0.008332s ]
INFO: [ view_parse ] --END-- [ RunTime:0.008413s ]
INFO: [ view_filter ] --START--
INFO: Run Behavior\WriteHtmlCacheBehavior [ RunTime:0.000535s ]
INFO: [ view_filter ] --END-- [ RunTime:0.000583s ]
INFO: [ app_end ] --START--
INFO: Run Behavior\ShowPageTraceBehavior [ RunTime:0.001639s ]
INFO: [ app_end ] --END-- [ RunTime:0.001889s ]

[ 2016-08-22T17:38:07+08:00 ] ::1 /admin.php/user/index.html
INFO: [ app_init ] --START--
INFO: Run Behavior\BuildLiteBehavior [ RunTime:0.000017s ]
INFO: [ app_init ] --END-- [ RunTime:0.000623s ]
INFO: [ app_begin ] --START--
INFO: Run Behavior\ReadHtmlCacheBehavior [ RunTime:0.000703s ]
INFO: [ app_begin ] --END-- [ RunTime:0.000767s ]
SQL: SHOW COLUMNS FROM `user` [ RunTime:0.0088s ]
SQL: SELECT * FROM `user` ORDER BY id ASC  [ RunTime:0.0005s ]
INFO: [ view_parse ] --START--
INFO: [ template_filter ] --START--
INFO: Run Behavior\ContentReplaceBehavior [ RunTime:0.000096s ]
INFO: [ template_filter ] --END-- [ RunTime:0.000130s ]
INFO: Run Behavior\ParseTemplateBehavior [ RunTime:0.010460s ]
INFO: [ view_parse ] --END-- [ RunTime:0.010502s ]
INFO: [ view_filter ] --START--
INFO: Run Behavior\WriteHtmlCacheBehavior [ RunTime:0.000301s ]
INFO: [ view_filter ] --END-- [ RunTime:0.000343s ]
INFO: [ app_end ] --START--
INFO: Run Behavior\ShowPageTraceBehavior [ RunTime:0.000443s ]
INFO: [ app_end ] --END-- [ RunTime:0.000501s ]

[ 2016-08-22T17:38:10+08:00 ] ::1 /admin.php/user/update/id/2.html
INFO: [ app_init ] --START--
INFO: Run Behavior\BuildLiteBehavior [ RunTime:0.000023s ]
INFO: [ app_init ] --END-- [ RunTime:0.000393s ]
INFO: [ app_begin ] --START--
INFO: Run Behavior\ReadHtmlCacheBehavior [ RunTime:0.000412s ]
INFO: [ app_begin ] --END-- [ RunTime:0.000445s ]
SQL: SHOW COLUMNS FROM `user` [ RunTime:0.0081s ]
SQL: SELECT * FROM `user` WHERE `id` = 2 LIMIT 1   [ RunTime:0.0004s ]
INFO: [ view_parse ] --START--
INFO: [ template_filter ] --START--
INFO: Run Behavior\ContentReplaceBehavior [ RunTime:0.000087s ]
INFO: [ template_filter ] --END-- [ RunTime:0.000114s ]
INFO: Run Behavior\ParseTemplateBehavior [ RunTime:0.007274s ]
INFO: [ view_parse ] --END-- [ RunTime:0.007322s ]
INFO: [ view_filter ] --START--
INFO: Run Behavior\WriteHtmlCacheBehavior [ RunTime:0.000329s ]
INFO: [ view_filter ] --END-- [ RunTime:0.000352s ]
INFO: [ app_end ] --START--
INFO: Run Behavior\ShowPageTraceBehavior [ RunTime:0.000477s ]
INFO: [ app_end ] --END-- [ RunTime:0.000521s ]

[ 2016-08-22T17:38:17+08:00 ] ::1 /admin.php/user/update.html
INFO: [ app_init ] --START--
INFO: Run Behavior\BuildLiteBehavior [ RunTime:0.000009s ]
INFO: [ app_init ] --END-- [ RunTime:0.000343s ]
INFO: [ app_begin ] --START--
INFO: Run Behavior\ReadHtmlCacheBehavior [ RunTime:0.000434s ]
INFO: [ app_begin ] --END-- [ RunTime:0.000471s ]
SQL: SHOW COLUMNS FROM `user` [ RunTime:0.0019s ]
NOTIC: [8] Undefined index: validate D:\My Web Sites\FengHuang2016\ThinkPHP\Library\Think\Model.class.php 第 1185 行.
SQL: SELECT * FROM `user` WHERE `username` = 'test' AND `id` <> '2' LIMIT 1   [ RunTime:0.0004s ]
NOTIC: [8] Undefined index: auto D:\My Web Sites\FengHuang2016\ThinkPHP\Library\Think\Model.class.php 第 1128 行.
NOTIC: [2] Missing argument 1 for I(), called in D:\My Web Sites\FengHuang2016\FengHuang\Admin\Controller\UserController.class.php on line 61 and defined D:\My Web Sites\FengHuang2016\ThinkPHP\Common\functions.php 第 271 行.
NOTIC: [8] Undefined variable: name D:\My Web Sites\FengHuang2016\ThinkPHP\Common\functions.php 第 273 行.
NOTIC: [8] Undefined variable: name D:\My Web Sites\FengHuang2016\ThinkPHP\Common\functions.php 第 278 行.
NOTIC: [8] Undefined variable: name D:\My Web Sites\FengHuang2016\ThinkPHP\Common\functions.php 第 339 行.
SQL: UPDATE `user` SET `username`='test',`password`='0659c7992e268962384eb17fafe88364' WHERE `id` = 2 [ RunTime:0.0029s ]
INFO: [ view_parse ] --START--
INFO: [ template_filter ] --START--
INFO: Run Behavior\ContentReplaceBehavior [ RunTime:0.000084s ]
INFO: [ template_filter ] --END-- [ RunTime:0.000134s ]
INFO: Run Behavior\ParseTemplateBehavior [ RunTime:0.004552s ]
INFO: [ view_parse ] --END-- [ RunTime:0.004603s ]
INFO: [ view_filter ] --START--
INFO: Run Behavior\WriteHtmlCacheBehavior [ RunTime:0.000330s ]
INFO: [ view_filter ] --END-- [ RunTime:0.000354s ]
INFO: [ app_end ] --START--
INFO: Run Behavior\ShowPageTraceBehavior [ RunTime:0.000475s ]
INFO: [ app_end ] --END-- [ RunTime:0.000502s ]

[ 2016-08-22T17:38:18+08:00 ] ::1 /admin.php/user/index.html
INFO: [ app_init ] --START--
INFO: Run Behavior\BuildLiteBehavior [ RunTime:0.000032s ]
INFO: [ app_init ] --END-- [ RunTime:0.001216s ]
INFO: [ app_begin ] --START--
INFO: Run Behavior\ReadHtmlCacheBehavior [ RunTime:0.001428s ]
INFO: [ app_begin ] --END-- [ RunTime:0.001558s ]
SQL: SHOW COLUMNS FROM `user` [ RunTime:0.0019s ]
SQL: SELECT * FROM `user` ORDER BY id ASC  [ RunTime:0.0004s ]
INFO: [ view_parse ] --START--
INFO: [ template_filter ] --START--
INFO: Run Behavior\ContentReplaceBehavior [ RunTime:0.000146s ]
INFO: [ template_filter ] --END-- [ RunTime:0.000199s ]
INFO: Run Behavior\ParseTemplateBehavior [ RunTime:0.012544s ]
INFO: [ view_parse ] --END-- [ RunTime:0.012594s ]
INFO: [ view_filter ] --START--
INFO: Run Behavior\WriteHtmlCacheBehavior [ RunTime:0.000477s ]
INFO: [ view_filter ] --END-- [ RunTime:0.000519s ]
INFO: [ app_end ] --START--
INFO: Run Behavior\ShowPageTraceBehavior [ RunTime:0.000707s ]
INFO: [ app_end ] --END-- [ RunTime:0.000753s ]

[ 2016-08-22T17:38:20+08:00 ] ::1 /admin.php/index/index.html
INFO: [ app_init ] --START--
INFO: Run Behavior\BuildLiteBehavior [ RunTime:0.000022s ]
INFO: [ app_init ] --END-- [ RunTime:0.000620s ]
INFO: [ app_begin ] --START--
INFO: Run Behavior\ReadHtmlCacheBehavior [ RunTime:0.000503s ]
INFO: [ app_begin ] --END-- [ RunTime:0.000540s ]
INFO: [ view_parse ] --START--
INFO: [ template_filter ] --START--
INFO: Run Behavior\ContentReplaceBehavior [ RunTime:0.000143s ]
INFO: [ template_filter ] --END-- [ RunTime:0.000199s ]
INFO: Run Behavior\ParseTemplateBehavior [ RunTime:0.009880s ]
INFO: [ view_parse ] --END-- [ RunTime:0.009939s ]
INFO: [ view_filter ] --START--
INFO: Run Behavior\WriteHtmlCacheBehavior [ RunTime:0.000287s ]
INFO: [ view_filter ] --END-- [ RunTime:0.000310s ]
INFO: [ app_end ] --START--
INFO: Run Behavior\ShowPageTraceBehavior [ RunTime:0.000529s ]
INFO: [ app_end ] --END-- [ RunTime:0.000577s ]

[ 2016-08-22T17:38:22+08:00 ] ::1 /admin.php/intro/index/category/1.html
INFO: [ app_init ] --START--
INFO: Run Behavior\BuildLiteBehavior [ RunTime:0.000010s ]
INFO: [ app_init ] --END-- [ RunTime:0.000362s ]
INFO: [ app_begin ] --START--
INFO: Run Behavior\ReadHtmlCacheBehavior [ RunTime:0.000418s ]
INFO: [ app_begin ] --END-- [ RunTime:0.000448s ]
SQL: SHOW COLUMNS FROM `intro` [ RunTime:0.0016s ]
SQL: SELECT COUNT(*) AS tp_count FROM `intro` WHERE `category` = '1' LIMIT 1   [ RunTime:0.0070s ]
SQL: SELECT * FROM `intro` WHERE `category` = '1' LIMIT 1   [ RunTime:0.0005s ]
INFO: [ view_parse ] --START--
INFO: [ template_filter ] --START--
INFO: Run Behavior\ContentReplaceBehavior [ RunTime:0.000235s ]
INFO: [ template_filter ] --END-- [ RunTime:0.000305s ]
INFO: Run Behavior\ParseTemplateBehavior [ RunTime:0.015421s ]
INFO: [ view_parse ] --END-- [ RunTime:0.015492s ]
INFO: [ view_filter ] --START--
INFO: Run Behavior\WriteHtmlCacheBehavior [ RunTime:0.000651s ]
INFO: [ view_filter ] --END-- [ RunTime:0.000720s ]
INFO: [ app_end ] --START--
INFO: Run Behavior\ShowPageTraceBehavior [ RunTime:0.000906s ]
INFO: [ app_end ] --END-- [ RunTime:0.000975s ]

[ 2016-08-22T17:38:24+08:00 ] ::1 /admin.php/intro/update/category/1/id/3.html
INFO: [ app_init ] --START--
INFO: Run Behavior\BuildLiteBehavior [ RunTime:0.000012s ]
INFO: [ app_init ] --END-- [ RunTime:0.000369s ]
INFO: [ app_begin ] --START--
INFO: Run Behavior\ReadHtmlCacheBehavior [ RunTime:0.000401s ]
INFO: [ app_begin ] --END-- [ RunTime:0.000435s ]
SQL: SHOW COLUMNS FROM `intro` [ RunTime:0.0009s ]
SQL: SELECT * FROM `intro` WHERE `id` = 3 AND `category` = '1' LIMIT 1   [ RunTime:0.0003s ]
INFO: [ view_parse ] --START--
INFO: [ template_filter ] --START--
INFO: Run Behavior\ContentReplaceBehavior [ RunTime:0.000095s ]
INFO: [ template_filter ] --END-- [ RunTime:0.000136s ]
INFO: Run Behavior\ParseTemplateBehavior [ RunTime:0.008691s ]
INFO: [ view_parse ] --END-- [ RunTime:0.008725s ]
INFO: [ view_filter ] --START--
INFO: Run Behavior\WriteHtmlCacheBehavior [ RunTime:0.000317s ]
INFO: [ view_filter ] --END-- [ RunTime:0.000342s ]
INFO: [ app_end ] --START--
INFO: Run Behavior\ShowPageTraceBehavior [ RunTime:0.000562s ]
INFO: [ app_end ] --END-- [ RunTime:0.000589s ]

[ 2016-08-22T17:38:31+08:00 ] ::1 /admin.php/intro/update.html
INFO: [ app_init ] --START--
INFO: Run Behavior\BuildLiteBehavior [ RunTime:0.000010s ]
INFO: [ app_init ] --END-- [ RunTime:0.000408s ]
INFO: [ app_begin ] --START--
INFO: Run Behavior\ReadHtmlCacheBehavior [ RunTime:0.000444s ]
INFO: [ app_begin ] --END-- [ RunTime:0.000479s ]
SQL: SHOW COLUMNS FROM `intro` [ RunTime:0.0007s ]
NOTIC: [8] Undefined index: validate D:\My Web Sites\FengHuang2016\ThinkPHP\Library\Think\Model.class.php 第 1185 行.
NOTIC: [8] Undefined index: auto D:\My Web Sites\FengHuang2016\ThinkPHP\Library\Think\Model.class.php 第 1128 行.
SQL: UPDATE `intro` SET `id`='3',`category`='1',`title`='',`content`='&lt;p&gt;&lt;img src=&quot;/ueditor/php/upload/image/20160812/1470993152769063.jpg&quot; title=&quot;1470993152769063.jpg&quot; alt=&quot;3(1).jpg&quot; width=&quot;551&quot; height=&quot;430&quot;/&gt;&lt;/p&gt;' WHERE `id` = 3 AND `category` = '1' [ RunTime:0.0031s ]
INFO: [ view_parse ] --START--
INFO: [ template_filter ] --START--
INFO: Run Behavior\ContentReplaceBehavior [ RunTime:0.000045s ]
INFO: [ template_filter ] --END-- [ RunTime:0.000078s ]
INFO: Run Behavior\ParseTemplateBehavior [ RunTime:0.004673s ]
INFO: [ view_parse ] --END-- [ RunTime:0.004708s ]
INFO: [ view_filter ] --START--
INFO: Run Behavior\WriteHtmlCacheBehavior [ RunTime:0.000437s ]
INFO: [ view_filter ] --END-- [ RunTime:0.000463s ]
INFO: [ app_end ] --START--
INFO: Run Behavior\ShowPageTraceBehavior [ RunTime:0.000467s ]
INFO: [ app_end ] --END-- [ RunTime:0.000493s ]

[ 2016-08-22T17:38:32+08:00 ] ::1 /admin.php/intro/index/category/1.html
INFO: [ app_init ] --START--
INFO: Run Behavior\BuildLiteBehavior [ RunTime:0.000032s ]
INFO: [ app_init ] --END-- [ RunTime:0.001249s ]
INFO: [ app_begin ] --START--
INFO: Run Behavior\ReadHtmlCacheBehavior [ RunTime:0.001449s ]
INFO: [ app_begin ] --END-- [ RunTime:0.001576s ]
SQL: SHOW COLUMNS FROM `intro` [ RunTime:0.0011s ]
SQL: SELECT COUNT(*) AS tp_count FROM `intro` WHERE `category` = '1' LIMIT 1   [ RunTime:0.0005s ]
SQL: SELECT * FROM `intro` WHERE `category` = '1' LIMIT 1   [ RunTime:0.0003s ]
INFO: [ view_parse ] --START--
INFO: [ template_filter ] --START--
INFO: Run Behavior\ContentReplaceBehavior [ RunTime:0.000093s ]
INFO: [ template_filter ] --END-- [ RunTime:0.000131s ]
INFO: Run Behavior\ParseTemplateBehavior [ RunTime:0.009017s ]
INFO: [ view_parse ] --END-- [ RunTime:0.009054s ]
INFO: [ view_filter ] --START--
INFO: Run Behavior\WriteHtmlCacheBehavior [ RunTime:0.000348s ]
INFO: [ view_filter ] --END-- [ RunTime:0.000387s ]
INFO: [ app_end ] --START--
INFO: Run Behavior\ShowPageTraceBehavior [ RunTime:0.000706s ]
INFO: [ app_end ] --END-- [ RunTime:0.000761s ]

[ 2016-08-22T17:38:37+08:00 ] ::1 /admin.php/article/index/category/0.html
INFO: [ app_init ] --START--
INFO: Run Behavior\BuildLiteBehavior [ RunTime:0.000012s ]
INFO: [ app_init ] --END-- [ RunTime:0.000370s ]
INFO: [ app_begin ] --START--
INFO: Run Behavior\ReadHtmlCacheBehavior [ RunTime:0.000389s ]
INFO: [ app_begin ] --END-- [ RunTime:0.000424s ]
SQL: SHOW COLUMNS FROM `article` [ RunTime:0.0017s ]
SQL: SELECT COUNT(*) AS tp_count FROM `article` WHERE `category` = '0' LIMIT 1   [ RunTime:0.0004s ]
SQL: SELECT * FROM `article` WHERE `category` = '0' ORDER BY id ASC LIMIT 0,10   [ RunTime:0.0007s ]
INFO: [ view_parse ] --START--
INFO: [ template_filter ] --START--
INFO: Run Behavior\ContentReplaceBehavior [ RunTime:0.000092s ]
INFO: [ template_filter ] --END-- [ RunTime:0.000119s ]
INFO: Run Behavior\ParseTemplateBehavior [ RunTime:0.008264s ]
INFO: [ view_parse ] --END-- [ RunTime:0.008295s ]
INFO: [ view_filter ] --START--
INFO: Run Behavior\WriteHtmlCacheBehavior [ RunTime:0.000347s ]
INFO: [ view_filter ] --END-- [ RunTime:0.000372s ]
INFO: [ app_end ] --START--
INFO: Run Behavior\ShowPageTraceBehavior [ RunTime:0.000523s ]
INFO: [ app_end ] --END-- [ RunTime:0.000562s ]

[ 2016-08-22T17:38:46+08:00 ] ::1 /admin.php/article/add/category/0.html
INFO: [ app_init ] --START--
INFO: Run Behavior\BuildLiteBehavior [ RunTime:0.000011s ]
INFO: [ app_init ] --END-- [ RunTime:0.000367s ]
INFO: [ app_begin ] --START--
INFO: Run Behavior\ReadHtmlCacheBehavior [ RunTime:0.000484s ]
INFO: [ app_begin ] --END-- [ RunTime:0.000523s ]
INFO: [ view_parse ] --START--
INFO: [ template_filter ] --START--
INFO: Run Behavior\ContentReplaceBehavior [ RunTime:0.000151s ]
INFO: [ template_filter ] --END-- [ RunTime:0.000223s ]
INFO: Run Behavior\ParseTemplateBehavior [ RunTime:0.009742s ]
INFO: [ view_parse ] --END-- [ RunTime:0.009779s ]
INFO: [ view_filter ] --START--
INFO: Run Behavior\WriteHtmlCacheBehavior [ RunTime:0.000332s ]
INFO: [ view_filter ] --END-- [ RunTime:0.000367s ]
INFO: [ app_end ] --START--
INFO: Run Behavior\ShowPageTraceBehavior [ RunTime:0.000534s ]
INFO: [ app_end ] --END-- [ RunTime:0.000589s ]

[ 2016-08-22T17:39:05+08:00 ] ::1 /admin.php/article/add/images/big.cur
INFO: [ app_init ] --START--
INFO: Run Behavior\BuildLiteBehavior [ RunTime:0.000047s ]
INFO: [ app_init ] --END-- [ RunTime:0.000589s ]
INFO: [ app_begin ] --START--
INFO: Run Behavior\ReadHtmlCacheBehavior [ RunTime:0.000782s ]
INFO: [ app_begin ] --END-- [ RunTime:0.000875s ]
NOTIC: [8] Undefined variable: category D:\My Web Sites\FengHuang2016\FengHuang\Admin\Controller\ArticleController.class.php 第 129 行.
INFO: [ view_parse ] --START--
INFO: [ template_filter ] --START--
INFO: Run Behavior\ContentReplaceBehavior [ RunTime:0.000160s ]
INFO: [ template_filter ] --END-- [ RunTime:0.000244s ]
INFO: Run Behavior\ParseTemplateBehavior [ RunTime:0.015660s ]
INFO: [ view_parse ] --END-- [ RunTime:0.015876s ]
INFO: [ view_filter ] --START--
INFO: Run Behavior\WriteHtmlCacheBehavior [ RunTime:0.002034s ]
INFO: [ view_filter ] --END-- [ RunTime:0.002222s ]
INFO: [ app_end ] --START--
INFO: Run Behavior\ShowPageTraceBehavior [ RunTime:0.000997s ]
INFO: [ app_end ] --END-- [ RunTime:0.001093s ]

[ 2016-08-22T17:39:06+08:00 ] ::1 /admin.php/article/add.html
INFO: [ app_init ] --START--
INFO: Run Behavior\BuildLiteBehavior [ RunTime:0.000010s ]
INFO: [ app_init ] --END-- [ RunTime:0.000361s ]
INFO: [ app_begin ] --START--
INFO: Run Behavior\ReadHtmlCacheBehavior [ RunTime:0.000386s ]
INFO: [ app_begin ] --END-- [ RunTime:0.000420s ]
NOTIC: [8] Use of undefined constant tmp_name - assumed 'tmp_name' D:\My Web Sites\FengHuang2016\FengHuang\Admin\Controller\ArticleController.class.php 第 135 行.
NOTIC: [2] call_user_func() expects parameter 1 to be a valid callback, no array or string given D:\My Web Sites\FengHuang2016\ThinkPHP\Library\Think\Upload.class.php 第 170 行.
SQL: SHOW COLUMNS FROM `article` [ RunTime:0.0009s ]
NOTIC: [8] Undefined index: validate D:\My Web Sites\FengHuang2016\ThinkPHP\Library\Think\Model.class.php 第 1185 行.
NOTIC: [8] Undefined index: auto D:\My Web Sites\FengHuang2016\ThinkPHP\Library\Think\Model.class.php 第 1128 行.
SQL: INSERT INTO `article` (`title`,`intro`,`content`,`imageURL`,`category`,`ishome`) VALUES ('​烽凰文化：从十月妈咪推广谈品牌营销的另类玩法','​烽凰文化：从十月妈咪推广谈品牌营销的另类玩法​烽凰文化：从十月妈咪推广谈品牌营销的另类玩法​烽凰文化：从十月妈咪推广谈品牌营销的另类玩法​烽凰文化：从十月妈咪推广谈品牌营销的另类玩法​烽凰文化：从十月妈咪推广谈品牌营销的另类玩法​烽凰文化：从十月妈咪推广谈品牌营销的另类玩法​烽凰文化：从十月妈咪推广谈品牌营销的另类玩法​烽凰文化：从十月妈咪推广谈品牌营销的另类玩法','&lt;p&gt;烽凰文化：从十月妈咪推广谈品牌营销的另类玩法烽凰文化：从十月妈咪推广谈品牌营销的另类玩法烽凰文化：从十月妈咪推广谈品牌营销的另类玩法烽凰文化：从十月妈咪推广谈品牌营销的另类玩法烽凰文化：从十月妈咪推广谈品牌营销的另类玩法烽凰文化：从十月妈咪推广谈品牌营销的另类玩法烽凰文化：从十月妈咪推广谈品牌营销的另类玩法烽凰文化：从十月妈咪推广谈品牌营销的另类玩法烽凰文化：从十月妈咪推广谈品牌营销的另类玩法&lt;/p&gt;','/Uploads/Image/2016-08-22/1471858746.jpg','0','no') [ RunTime:0.0029s ]
INFO: [ view_parse ] --START--
INFO: [ template_filter ] --START--
INFO: Run Behavior\ContentReplaceBehavior [ RunTime:0.000032s ]
INFO: [ template_filter ] --END-- [ RunTime:0.000063s ]
INFO: Run Behavior\ParseTemplateBehavior [ RunTime:0.006599s ]
INFO: [ view_parse ] --END-- [ RunTime:0.006661s ]
INFO: [ view_filter ] --START--
INFO: Run Behavior\WriteHtmlCacheBehavior [ RunTime:0.000570s ]
INFO: [ view_filter ] --END-- [ RunTime:0.000596s ]
INFO: [ app_end ] --START--
INFO: Run Behavior\ShowPageTraceBehavior [ RunTime:0.000707s ]
INFO: [ app_end ] --END-- [ RunTime:0.000735s ]

[ 2016-08-22T17:39:07+08:00 ] ::1 /admin.php/article/index/category/0.html
INFO: [ app_init ] --START--
INFO: Run Behavior\BuildLiteBehavior [ RunTime:0.000008s ]
INFO: [ app_init ] --END-- [ RunTime:0.000453s ]
INFO: [ app_begin ] --START--
INFO: Run Behavior\ReadHtmlCacheBehavior [ RunTime:0.000612s ]
INFO: [ app_begin ] --END-- [ RunTime:0.000644s ]
SQL: SHOW COLUMNS FROM `article` [ RunTime:0.0011s ]
SQL: SELECT COUNT(*) AS tp_count FROM `article` WHERE `category` = '0' LIMIT 1   [ RunTime:0.0007s ]
SQL: SELECT * FROM `article` WHERE `category` = '0' ORDER BY id ASC LIMIT 0,10   [ RunTime:0.0004s ]
INFO: [ view_parse ] --START--
INFO: [ template_filter ] --START--
INFO: Run Behavior\ContentReplaceBehavior [ RunTime:0.000096s ]
INFO: [ template_filter ] --END-- [ RunTime:0.000131s ]
INFO: Run Behavior\ParseTemplateBehavior [ RunTime:0.010528s ]
INFO: [ view_parse ] --END-- [ RunTime:0.010560s ]
INFO: [ view_filter ] --START--
INFO: Run Behavior\WriteHtmlCacheBehavior [ RunTime:0.000631s ]
INFO: [ view_filter ] --END-- [ RunTime:0.000657s ]
INFO: [ app_end ] --START--
INFO: Run Behavior\ShowPageTraceBehavior [ RunTime:0.000788s ]
INFO: [ app_end ] --END-- [ RunTime:0.000815s ]

[ 2016-08-22T17:39:12+08:00 ] ::1 /admin.php/article/update/category/0/id/11.html
INFO: [ app_init ] --START--
INFO: Run Behavior\BuildLiteBehavior [ RunTime:0.000010s ]
INFO: [ app_init ] --END-- [ RunTime:0.000496s ]
INFO: [ app_begin ] --START--
INFO: Run Behavior\ReadHtmlCacheBehavior [ RunTime:0.000789s ]
INFO: [ app_begin ] --END-- [ RunTime:0.000857s ]
SQL: SHOW COLUMNS FROM `article` [ RunTime:0.0008s ]
SQL: SELECT * FROM `article` WHERE `id` = 11 AND `category` = '0' LIMIT 1   [ RunTime:0.0005s ]
INFO: [ view_parse ] --START--
INFO: [ template_filter ] --START--
INFO: Run Behavior\ContentReplaceBehavior [ RunTime:0.000120s ]
INFO: [ template_filter ] --END-- [ RunTime:0.000150s ]
INFO: Run Behavior\ParseTemplateBehavior [ RunTime:0.010360s ]
INFO: [ view_parse ] --END-- [ RunTime:0.010393s ]
INFO: [ view_filter ] --START--
INFO: Run Behavior\WriteHtmlCacheBehavior [ RunTime:0.000599s ]
INFO: [ view_filter ] --END-- [ RunTime:0.000625s ]
INFO: [ app_end ] --START--
INFO: Run Behavior\ShowPageTraceBehavior [ RunTime:0.000824s ]
INFO: [ app_end ] --END-- [ RunTime:0.000856s ]

[ 2016-08-22T17:39:12+08:00 ] ::1 /admin.php/article/update/category/0/images/big.cur
INFO: [ app_init ] --START--
INFO: Run Behavior\BuildLiteBehavior [ RunTime:0.000014s ]
INFO: [ app_init ] --END-- [ RunTime:0.000712s ]
INFO: [ app_begin ] --START--
INFO: Run Behavior\ReadHtmlCacheBehavior [ RunTime:0.001162s ]
INFO: [ app_begin ] --END-- [ RunTime:0.001247s ]
SQL: SHOW COLUMNS FROM `article` [ RunTime:0.0010s ]
SQL: SELECT * FROM `article` WHERE `id` = 0 AND `category` = '0' LIMIT 1   [ RunTime:0.0005s ]
INFO: [ view_parse ] --START--
INFO: [ template_filter ] --START--
INFO: Run Behavior\ContentReplaceBehavior [ RunTime:0.000169s ]
INFO: [ template_filter ] --END-- [ RunTime:0.000243s ]
INFO: Run Behavior\ParseTemplateBehavior [ RunTime:0.015930s ]
INFO: [ view_parse ] --END-- [ RunTime:0.015985s ]
INFO: [ view_filter ] --START--
INFO: Run Behavior\WriteHtmlCacheBehavior [ RunTime:0.000707s ]
INFO: [ view_filter ] --END-- [ RunTime:0.000748s ]
INFO: [ app_end ] --START--
INFO: Run Behavior\ShowPageTraceBehavior [ RunTime:0.000909s ]
INFO: [ app_end ] --END-- [ RunTime:0.000950s ]

[ 2016-08-22T17:39:19+08:00 ] ::1 /admin.php/article/update.html
INFO: [ app_init ] --START--
INFO: Run Behavior\BuildLiteBehavior [ RunTime:0.000027s ]
INFO: [ app_init ] --END-- [ RunTime:0.001063s ]
INFO: [ app_begin ] --START--
INFO: Run Behavior\ReadHtmlCacheBehavior [ RunTime:0.000729s ]
INFO: [ app_begin ] --END-- [ RunTime:0.000769s ]
NOTIC: [8] Use of undefined constant tmp_name - assumed 'tmp_name' D:\My Web Sites\FengHuang2016\FengHuang\Admin\Controller\ArticleController.class.php 第 252 行.
SQL: SHOW COLUMNS FROM `article` [ RunTime:0.0007s ]
NOTIC: [8] Undefined index: validate D:\My Web Sites\FengHuang2016\ThinkPHP\Library\Think\Model.class.php 第 1185 行.
NOTIC: [8] Undefined index: auto D:\My Web Sites\FengHuang2016\ThinkPHP\Library\Think\Model.class.php 第 1128 行.
SQL: UPDATE `article` SET `title`='​烽凰文化：从十月妈咪推广谈品牌营销的另类玩法',`intro`='​烽凰文化：从十月妈咪推广谈品牌营销的另类玩法​烽凰文化：从十月妈咪推广谈品牌营销的另类玩法​烽凰文化：从十月妈咪推广谈品牌营销的另类玩法​',`content`='&lt;p&gt;烽凰文化：从十月妈咪推广谈品牌营销的另类玩法烽凰文化：从十月妈咪推广谈品牌营销的另类玩法烽凰文化：从十月妈咪推广谈品牌营销的另类玩法烽凰文化：从十月妈咪推广谈品牌营销的另类玩法烽凰文化：从十月妈咪推广谈品牌营销的另类玩法烽凰文化：从十月妈咪推广谈品牌营销的另类玩法烽凰文化：从十月妈咪推广谈品牌营销的另类玩法烽凰文化：从十月妈咪推广谈品牌营销的另类玩法烽凰文化：从十月妈咪推广谈品牌营销的另类玩法&lt;/p&gt;',`imageURL`='/Uploads/Image/2016-08-22/1471858746.jpg',`ishome`='no' WHERE `id` = 11 AND `category` = '0' [ RunTime:0.0083s ]
INFO: [ view_parse ] --START--
INFO: [ template_filter ] --START--
INFO: Run Behavior\ContentReplaceBehavior [ RunTime:0.000078s ]
INFO: [ template_filter ] --END-- [ RunTime:0.000200s ]
INFO: Run Behavior\ParseTemplateBehavior [ RunTime:0.008564s ]
INFO: [ view_parse ] --END-- [ RunTime:0.008606s ]
INFO: [ view_filter ] --START--
INFO: Run Behavior\WriteHtmlCacheBehavior [ RunTime:0.000636s ]
INFO: [ view_filter ] --END-- [ RunTime:0.000662s ]
INFO: [ app_end ] --START--
INFO: Run Behavior\ShowPageTraceBehavior [ RunTime:0.000705s ]
INFO: [ app_end ] --END-- [ RunTime:0.000731s ]

[ 2016-08-22T17:39:20+08:00 ] ::1 /admin.php/article/index/category/0.html
INFO: [ app_init ] --START--
INFO: Run Behavior\BuildLiteBehavior [ RunTime:0.000019s ]
INFO: [ app_init ] --END-- [ RunTime:0.001068s ]
INFO: [ app_begin ] --START--
INFO: Run Behavior\ReadHtmlCacheBehavior [ RunTime:0.001706s ]
INFO: [ app_begin ] --END-- [ RunTime:0.001787s ]
SQL: SHOW COLUMNS FROM `article` [ RunTime:0.0008s ]
SQL: SELECT COUNT(*) AS tp_count FROM `article` WHERE `category` = '0' LIMIT 1   [ RunTime:0.0005s ]
SQL: SELECT * FROM `article` WHERE `category` = '0' ORDER BY id ASC LIMIT 0,10   [ RunTime:0.0003s ]
INFO: [ view_parse ] --START--
INFO: [ template_filter ] --START--
INFO: Run Behavior\ContentReplaceBehavior [ RunTime:0.000093s ]
INFO: [ template_filter ] --END-- [ RunTime:0.000125s ]
INFO: Run Behavior\ParseTemplateBehavior [ RunTime:0.010672s ]
INFO: [ view_parse ] --END-- [ RunTime:0.010706s ]
INFO: [ view_filter ] --START--
INFO: Run Behavior\WriteHtmlCacheBehavior [ RunTime:0.000653s ]
INFO: [ view_filter ] --END-- [ RunTime:0.000679s ]
INFO: [ app_end ] --START--
INFO: Run Behavior\ShowPageTraceBehavior [ RunTime:0.000775s ]
INFO: [ app_end ] --END-- [ RunTime:0.000800s ]

[ 2016-08-22T17:39:21+08:00 ] ::1 /admin.php/article/delete/category/0/id/11.html
INFO: [ app_init ] --START--
INFO: Run Behavior\BuildLiteBehavior [ RunTime:0.000009s ]
INFO: [ app_init ] --END-- [ RunTime:0.000531s ]
INFO: [ app_begin ] --START--
INFO: Run Behavior\ReadHtmlCacheBehavior [ RunTime:0.000699s ]
INFO: [ app_begin ] --END-- [ RunTime:0.000748s ]
SQL: SHOW COLUMNS FROM `article` [ RunTime:0.0008s ]
SQL: SELECT * FROM `article` WHERE `id` = 11 AND `category` = '0' LIMIT 1   [ RunTime:0.0005s ]
SQL: DELETE FROM `article` WHERE `id` = 11 AND `category` = '0' [ RunTime:0.0097s ]
INFO: [ view_parse ] --START--
INFO: [ template_filter ] --START--
INFO: Run Behavior\ContentReplaceBehavior [ RunTime:0.000032s ]
INFO: [ template_filter ] --END-- [ RunTime:0.000063s ]
INFO: Run Behavior\ParseTemplateBehavior [ RunTime:0.004742s ]
INFO: [ view_parse ] --END-- [ RunTime:0.004776s ]
INFO: [ view_filter ] --START--
INFO: Run Behavior\WriteHtmlCacheBehavior [ RunTime:0.000468s ]
INFO: [ view_filter ] --END-- [ RunTime:0.000493s ]
INFO: [ app_end ] --START--
INFO: Run Behavior\ShowPageTraceBehavior [ RunTime:0.000765s ]
INFO: [ app_end ] --END-- [ RunTime:0.000821s ]

[ 2016-08-22T17:39:22+08:00 ] ::1 /admin.php/article/index/category/0.html
INFO: [ app_init ] --START--
INFO: Run Behavior\BuildLiteBehavior [ RunTime:0.000031s ]
INFO: [ app_init ] --END-- [ RunTime:0.001376s ]
INFO: [ app_begin ] --START--
INFO: Run Behavior\ReadHtmlCacheBehavior [ RunTime:0.000767s ]
INFO: [ app_begin ] --END-- [ RunTime:0.000830s ]
SQL: SHOW COLUMNS FROM `article` [ RunTime:0.0010s ]
SQL: SELECT COUNT(*) AS tp_count FROM `article` WHERE `category` = '0' LIMIT 1   [ RunTime:0.0005s ]
SQL: SELECT * FROM `article` WHERE `category` = '0' ORDER BY id ASC LIMIT 0,10   [ RunTime:0.0005s ]
INFO: [ view_parse ] --START--
INFO: [ template_filter ] --START--
INFO: Run Behavior\ContentReplaceBehavior [ RunTime:0.000091s ]
INFO: [ template_filter ] --END-- [ RunTime:0.000118s ]
INFO: Run Behavior\ParseTemplateBehavior [ RunTime:0.010531s ]
INFO: [ view_parse ] --END-- [ RunTime:0.010569s ]
INFO: [ view_filter ] --START--
INFO: Run Behavior\WriteHtmlCacheBehavior [ RunTime:0.000344s ]
INFO: [ view_filter ] --END-- [ RunTime:0.000369s ]
INFO: [ app_end ] --START--
INFO: Run Behavior\ShowPageTraceBehavior [ RunTime:0.000554s ]
INFO: [ app_end ] --END-- [ RunTime:0.000580s ]

[ 2016-08-22T17:39:24+08:00 ] ::1 /admin.php/article/details/category/0/id/2.html
INFO: [ app_init ] --START--
INFO: Run Behavior\BuildLiteBehavior [ RunTime:0.000010s ]
INFO: [ app_init ] --END-- [ RunTime:0.000355s ]
INFO: [ app_begin ] --START--
INFO: Run Behavior\ReadHtmlCacheBehavior [ RunTime:0.000424s ]
INFO: [ app_begin ] --END-- [ RunTime:0.000459s ]
SQL: SHOW COLUMNS FROM `article` [ RunTime:0.0010s ]
SQL: SELECT * FROM `article` WHERE `id` = 2 AND `category` = '0' LIMIT 1   [ RunTime:0.0008s ]
INFO: [ view_parse ] --START--
INFO: [ template_filter ] --START--
INFO: Run Behavior\ContentReplaceBehavior [ RunTime:0.000108s ]
INFO: [ template_filter ] --END-- [ RunTime:0.000152s ]
INFO: Run Behavior\ParseTemplateBehavior [ RunTime:0.009227s ]
INFO: [ view_parse ] --END-- [ RunTime:0.009280s ]
INFO: [ view_filter ] --START--
INFO: Run Behavior\WriteHtmlCacheBehavior [ RunTime:0.000355s ]
INFO: [ view_filter ] --END-- [ RunTime:0.000380s ]
INFO: [ app_end ] --START--
INFO: Run Behavior\ShowPageTraceBehavior [ RunTime:0.000434s ]
INFO: [ app_end ] --END-- [ RunTime:0.000462s ]

[ 2016-08-22T17:39:34+08:00 ] ::1 /admin.php/article/index/category/11.html
INFO: [ app_init ] --START--
INFO: Run Behavior\BuildLiteBehavior [ RunTime:0.000017s ]
INFO: [ app_init ] --END-- [ RunTime:0.000544s ]
INFO: [ app_begin ] --START--
INFO: Run Behavior\ReadHtmlCacheBehavior [ RunTime:0.000412s ]
INFO: [ app_begin ] --END-- [ RunTime:0.000445s ]
SQL: SHOW COLUMNS FROM `article` [ RunTime:0.0006s ]
SQL: SELECT COUNT(*) AS tp_count FROM `article` WHERE `category` = '11' LIMIT 1   [ RunTime:0.0003s ]
SQL: SELECT * FROM `article` WHERE `category` = '11' ORDER BY id ASC LIMIT 0,10   [ RunTime:0.0008s ]
INFO: [ view_parse ] --START--
INFO: [ template_filter ] --START--
INFO: Run Behavior\ContentReplaceBehavior [ RunTime:0.000093s ]
INFO: [ template_filter ] --END-- [ RunTime:0.000127s ]
INFO: Run Behavior\ParseTemplateBehavior [ RunTime:0.010753s ]
INFO: [ view_parse ] --END-- [ RunTime:0.010787s ]
INFO: [ view_filter ] --START--
INFO: Run Behavior\WriteHtmlCacheBehavior [ RunTime:0.000375s ]
INFO: [ view_filter ] --END-- [ RunTime:0.000428s ]
INFO: [ app_end ] --START--
INFO: Run Behavior\ShowPageTraceBehavior [ RunTime:0.000486s ]
INFO: [ app_end ] --END-- [ RunTime:0.000533s ]

[ 2016-08-22T17:39:36+08:00 ] ::1 /admin.php/contact/index.html
INFO: [ app_init ] --START--
INFO: Run Behavior\BuildLiteBehavior [ RunTime:0.000010s ]
INFO: [ app_init ] --END-- [ RunTime:0.000340s ]
INFO: [ app_begin ] --START--
INFO: Run Behavior\ReadHtmlCacheBehavior [ RunTime:0.000406s ]
INFO: [ app_begin ] --END-- [ RunTime:0.000437s ]
SQL: SHOW COLUMNS FROM `contact` [ RunTime:0.0008s ]
SQL: SELECT * FROM `contact` LIMIT 1   [ RunTime:0.0004s ]
INFO: [ view_parse ] --START--
INFO: [ template_filter ] --START--
INFO: Run Behavior\ContentReplaceBehavior [ RunTime:0.000109s ]
INFO: [ template_filter ] --END-- [ RunTime:0.000146s ]
INFO: Run Behavior\ParseTemplateBehavior [ RunTime:0.009069s ]
INFO: [ view_parse ] --END-- [ RunTime:0.009108s ]
INFO: [ view_filter ] --START--
INFO: Run Behavior\WriteHtmlCacheBehavior [ RunTime:0.000322s ]
INFO: [ view_filter ] --END-- [ RunTime:0.000350s ]
INFO: [ app_end ] --START--
INFO: Run Behavior\ShowPageTraceBehavior [ RunTime:0.000523s ]
INFO: [ app_end ] --END-- [ RunTime:0.000553s ]

[ 2016-08-22T17:39:38+08:00 ] ::1 /admin.php/contact/update.html
INFO: [ app_init ] --START--
INFO: Run Behavior\BuildLiteBehavior [ RunTime:0.000011s ]
INFO: [ app_init ] --END-- [ RunTime:0.000402s ]
INFO: [ app_begin ] --START--
INFO: Run Behavior\ReadHtmlCacheBehavior [ RunTime:0.000484s ]
INFO: [ app_begin ] --END-- [ RunTime:0.000522s ]
SQL: SHOW COLUMNS FROM `contact` [ RunTime:0.0013s ]
SQL: SELECT * FROM `contact` LIMIT 1   [ RunTime:0.0004s ]
INFO: [ view_parse ] --START--
INFO: [ template_filter ] --START--
INFO: Run Behavior\ContentReplaceBehavior [ RunTime:0.000095s ]
INFO: [ template_filter ] --END-- [ RunTime:0.000129s ]
INFO: Run Behavior\ParseTemplateBehavior [ RunTime:0.008363s ]
INFO: [ view_parse ] --END-- [ RunTime:0.008396s ]
INFO: [ view_filter ] --START--
INFO: Run Behavior\WriteHtmlCacheBehavior [ RunTime:0.000292s ]
INFO: [ view_filter ] --END-- [ RunTime:0.000314s ]
INFO: [ app_end ] --START--
INFO: Run Behavior\ShowPageTraceBehavior [ RunTime:0.000448s ]
INFO: [ app_end ] --END-- [ RunTime:0.000475s ]

[ 2016-08-22T17:39:42+08:00 ] ::1 /admin.php/contact/update.html
INFO: [ app_init ] --START--
INFO: Run Behavior\BuildLiteBehavior [ RunTime:0.000011s ]
INFO: [ app_init ] --END-- [ RunTime:0.000414s ]
INFO: [ app_begin ] --START--
INFO: Run Behavior\ReadHtmlCacheBehavior [ RunTime:0.000980s ]
INFO: [ app_begin ] --END-- [ RunTime:0.001160s ]
SQL: SHOW COLUMNS FROM `contact` [ RunTime:0.0025s ]
NOTIC: [8] Undefined index: validate D:\My Web Sites\FengHuang2016\ThinkPHP\Library\Think\Model.class.php 第 1185 行.
NOTIC: [8] Undefined index: auto D:\My Web Sites\FengHuang2016\ThinkPHP\Library\Think\Model.class.php 第 1128 行.
SQL: UPDATE `contact` SET `address`='dddddsxxcv',`fax`='sssvzcvz',`telphone`='ddd',`email`='fff@dddd',`qq`='11111' WHERE `id` = 1 [ RunTime:0.0074s ]
INFO: [ view_parse ] --START--
INFO: [ template_filter ] --START--
INFO: Run Behavior\ContentReplaceBehavior [ RunTime:0.000041s ]
INFO: [ template_filter ] --END-- [ RunTime:0.000083s ]
INFO: Run Behavior\ParseTemplateBehavior [ RunTime:0.006079s ]
INFO: [ view_parse ] --END-- [ RunTime:0.006143s ]
INFO: [ view_filter ] --START--
INFO: Run Behavior\WriteHtmlCacheBehavior [ RunTime:0.000287s ]
INFO: [ view_filter ] --END-- [ RunTime:0.000317s ]
INFO: [ app_end ] --START--
INFO: Run Behavior\ShowPageTraceBehavior [ RunTime:0.000428s ]
INFO: [ app_end ] --END-- [ RunTime:0.000458s ]

[ 2016-08-22T17:39:43+08:00 ] ::1 /admin.php/contact/index.html
INFO: [ app_init ] --START--
INFO: Run Behavior\BuildLiteBehavior [ RunTime:0.000029s ]
INFO: [ app_init ] --END-- [ RunTime:0.001210s ]
INFO: [ app_begin ] --START--
INFO: Run Behavior\ReadHtmlCacheBehavior [ RunTime:0.001438s ]
INFO: [ app_begin ] --END-- [ RunTime:0.001570s ]
SQL: SHOW COLUMNS FROM `contact` [ RunTime:0.0015s ]
SQL: SELECT * FROM `contact` LIMIT 1   [ RunTime:0.0006s ]
INFO: [ view_parse ] --START--
INFO: [ template_filter ] --START--
INFO: Run Behavior\ContentReplaceBehavior [ RunTime:0.000108s ]
INFO: [ template_filter ] --END-- [ RunTime:0.000147s ]
INFO: Run Behavior\ParseTemplateBehavior [ RunTime:0.010926s ]
INFO: [ view_parse ] --END-- [ RunTime:0.010973s ]
INFO: [ view_filter ] --START--
INFO: Run Behavior\WriteHtmlCacheBehavior [ RunTime:0.000334s ]
INFO: [ view_filter ] --END-- [ RunTime:0.000360s ]
INFO: [ app_end ] --START--
INFO: Run Behavior\ShowPageTraceBehavior [ RunTime:0.000512s ]
INFO: [ app_end ] --END-- [ RunTime:0.000541s ]

[ 2016-08-22T17:39:45+08:00 ] ::1 /admin.php/contact/index.html
INFO: [ app_init ] --START--
INFO: Run Behavior\BuildLiteBehavior [ RunTime:0.000012s ]
INFO: [ app_init ] --END-- [ RunTime:0.000389s ]
INFO: [ app_begin ] --START--
INFO: Run Behavior\ReadHtmlCacheBehavior [ RunTime:0.000414s ]
INFO: [ app_begin ] --END-- [ RunTime:0.000449s ]
SQL: SHOW COLUMNS FROM `contact` [ RunTime:0.0006s ]
SQL: SELECT * FROM `contact` LIMIT 1   [ RunTime:0.0004s ]
INFO: [ view_parse ] --START--
INFO: [ template_filter ] --START--
INFO: Run Behavior\ContentReplaceBehavior [ RunTime:0.000095s ]
INFO: [ template_filter ] --END-- [ RunTime:0.000151s ]
INFO: Run Behavior\ParseTemplateBehavior [ RunTime:0.009132s ]
INFO: [ view_parse ] --END-- [ RunTime:0.009165s ]
INFO: [ view_filter ] --START--
INFO: Run Behavior\WriteHtmlCacheBehavior [ RunTime:0.000348s ]
INFO: [ view_filter ] --END-- [ RunTime:0.000373s ]
INFO: [ app_end ] --START--
INFO: Run Behavior\ShowPageTraceBehavior [ RunTime:0.000562s ]
INFO: [ app_end ] --END-- [ RunTime:0.000589s ]

[ 2016-08-22T17:39:47+08:00 ] ::1 /admin.php/video/index.html
INFO: [ app_init ] --START--
INFO: Run Behavior\BuildLiteBehavior [ RunTime:0.000010s ]
INFO: [ app_init ] --END-- [ RunTime:0.000336s ]
INFO: [ app_begin ] --START--
INFO: Run Behavior\ReadHtmlCacheBehavior [ RunTime:0.000489s ]
INFO: [ app_begin ] --END-- [ RunTime:0.000528s ]
SQL: SHOW COLUMNS FROM `video` [ RunTime:0.0010s ]
SQL: SELECT COUNT(*) AS tp_count FROM `video` WHERE `category` = '1' LIMIT 1   [ RunTime:0.0010s ]
SQL: SELECT * FROM `video` WHERE `category` = '1' ORDER BY id ASC LIMIT 0,6   [ RunTime:0.0004s ]
INFO: [ view_parse ] --START--
INFO: [ template_filter ] --START--
INFO: Run Behavior\ContentReplaceBehavior [ RunTime:0.000089s ]
INFO: [ template_filter ] --END-- [ RunTime:0.000121s ]
INFO: Run Behavior\ParseTemplateBehavior [ RunTime:0.008757s ]
INFO: [ view_parse ] --END-- [ RunTime:0.008788s ]
INFO: [ view_filter ] --START--
INFO: Run Behavior\WriteHtmlCacheBehavior [ RunTime:0.000271s ]
INFO: [ view_filter ] --END-- [ RunTime:0.000297s ]
INFO: [ app_end ] --START--
INFO: Run Behavior\ShowPageTraceBehavior [ RunTime:0.000411s ]
INFO: [ app_end ] --END-- [ RunTime:0.000438s ]

[ 2016-08-22T17:39:50+08:00 ] ::1 /admin.php/video/add.html
INFO: [ app_init ] --START--
INFO: Run Behavior\BuildLiteBehavior [ RunTime:0.000009s ]
INFO: [ app_init ] --END-- [ RunTime:0.000425s ]
INFO: [ app_begin ] --START--
INFO: Run Behavior\ReadHtmlCacheBehavior [ RunTime:0.000647s ]
INFO: [ app_begin ] --END-- [ RunTime:0.000685s ]
INFO: [ view_parse ] --START--
INFO: [ template_filter ] --START--
INFO: Run Behavior\ContentReplaceBehavior [ RunTime:0.000133s ]
INFO: [ template_filter ] --END-- [ RunTime:0.000187s ]
INFO: Run Behavior\ParseTemplateBehavior [ RunTime:0.013164s ]
INFO: [ view_parse ] --END-- [ RunTime:0.013267s ]
INFO: [ view_filter ] --START--
INFO: Run Behavior\WriteHtmlCacheBehavior [ RunTime:0.000563s ]
INFO: [ view_filter ] --END-- [ RunTime:0.000593s ]
INFO: [ app_end ] --START--
INFO: Run Behavior\ShowPageTraceBehavior [ RunTime:0.000596s ]
INFO: [ app_end ] --END-- [ RunTime:0.000626s ]

[ 2016-08-22T17:39:58+08:00 ] ::1 /admin.php/index/index.html
INFO: [ app_init ] --START--
INFO: Run Behavior\BuildLiteBehavior [ RunTime:0.000010s ]
INFO: [ app_init ] --END-- [ RunTime:0.000480s ]
INFO: [ app_begin ] --START--
INFO: Run Behavior\ReadHtmlCacheBehavior [ RunTime:0.000707s ]
INFO: [ app_begin ] --END-- [ RunTime:0.000765s ]
INFO: [ view_parse ] --START--
INFO: [ template_filter ] --START--
INFO: Run Behavior\ContentReplaceBehavior [ RunTime:0.000385s ]
INFO: [ template_filter ] --END-- [ RunTime:0.000680s ]
INFO: Run Behavior\ParseTemplateBehavior [ RunTime:0.019670s ]
INFO: [ view_parse ] --END-- [ RunTime:0.019846s ]
INFO: [ view_filter ] --START--
INFO: Run Behavior\WriteHtmlCacheBehavior [ RunTime:0.000848s ]
INFO: [ view_filter ] --END-- [ RunTime:0.000906s ]
INFO: [ app_end ] --START--
INFO: Run Behavior\ShowPageTraceBehavior [ RunTime:0.001068s ]
INFO: [ app_end ] --END-- [ RunTime:0.001119s ]

[ 2016-08-22T17:40:01+08:00 ] ::1 /admin.php/localvideo/index.html
INFO: [ app_init ] --START--
INFO: Run Behavior\BuildLiteBehavior [ RunTime:0.000010s ]
INFO: [ app_init ] --END-- [ RunTime:0.000548s ]
INFO: [ app_begin ] --START--
INFO: Run Behavior\ReadHtmlCacheBehavior [ RunTime:0.000457s ]
INFO: [ app_begin ] --END-- [ RunTime:0.000500s ]
SQL: SHOW COLUMNS FROM `video` [ RunTime:0.0012s ]
SQL: SELECT COUNT(*) AS tp_count FROM `video` WHERE `category` = '2' LIMIT 1   [ RunTime:0.0005s ]
SQL: SELECT * FROM `video` WHERE `category` = '2' ORDER BY id ASC LIMIT 0,6   [ RunTime:0.0006s ]
INFO: [ view_parse ] --START--
INFO: [ template_filter ] --START--
INFO: Run Behavior\ContentReplaceBehavior [ RunTime:0.000205s ]
INFO: [ template_filter ] --END-- [ RunTime:0.000273s ]
INFO: Run Behavior\ParseTemplateBehavior [ RunTime:0.016582s ]
INFO: [ view_parse ] --END-- [ RunTime:0.016667s ]
INFO: [ view_filter ] --START--
INFO: Run Behavior\WriteHtmlCacheBehavior [ RunTime:0.000592s ]
INFO: [ view_filter ] --END-- [ RunTime:0.000650s ]
INFO: [ app_end ] --START--
INFO: Run Behavior\ShowPageTraceBehavior [ RunTime:0.000935s ]
INFO: [ app_end ] --END-- [ RunTime:0.000994s ]

[ 2016-08-22T17:40:03+08:00 ] ::1 /admin.php/localvideo/delete/id/7.html
INFO: [ app_init ] --START--
INFO: Run Behavior\BuildLiteBehavior [ RunTime:0.000011s ]
INFO: [ app_init ] --END-- [ RunTime:0.000367s ]
INFO: [ app_begin ] --START--
INFO: Run Behavior\ReadHtmlCacheBehavior [ RunTime:0.000418s ]
INFO: [ app_begin ] --END-- [ RunTime:0.000451s ]
SQL: SHOW COLUMNS FROM `video` [ RunTime:0.0018s ]
SQL: DELETE FROM `video` WHERE `id` = 7 AND `category` = '2' [ RunTime:0.0173s ]
INFO: [ view_parse ] --START--
INFO: [ template_filter ] --START--
INFO: Run Behavior\ContentReplaceBehavior [ RunTime:0.000032s ]
INFO: [ template_filter ] --END-- [ RunTime:0.000062s ]
INFO: Run Behavior\ParseTemplateBehavior [ RunTime:0.004861s ]
INFO: [ view_parse ] --END-- [ RunTime:0.004892s ]
INFO: [ view_filter ] --START--
INFO: Run Behavior\WriteHtmlCacheBehavior [ RunTime:0.000337s ]
INFO: [ view_filter ] --END-- [ RunTime:0.000362s ]
INFO: [ app_end ] --START--
INFO: Run Behavior\ShowPageTraceBehavior [ RunTime:0.000504s ]
INFO: [ app_end ] --END-- [ RunTime:0.000531s ]

[ 2016-08-22T17:40:04+08:00 ] ::1 /admin.php/localvideo/index.html
INFO: [ app_init ] --START--
INFO: Run Behavior\BuildLiteBehavior [ RunTime:0.000018s ]
INFO: [ app_init ] --END-- [ RunTime:0.000731s ]
INFO: [ app_begin ] --START--
INFO: Run Behavior\ReadHtmlCacheBehavior [ RunTime:0.000814s ]
INFO: [ app_begin ] --END-- [ RunTime:0.000882s ]
SQL: SHOW COLUMNS FROM `video` [ RunTime:0.0011s ]
SQL: SELECT COUNT(*) AS tp_count FROM `video` WHERE `category` = '2' LIMIT 1   [ RunTime:0.0067s ]
SQL: SELECT * FROM `video` WHERE `category` = '2' ORDER BY id ASC LIMIT 0,6   [ RunTime:0.0004s ]
INFO: [ view_parse ] --START--
INFO: [ template_filter ] --START--
INFO: Run Behavior\ContentReplaceBehavior [ RunTime:0.000085s ]
INFO: [ template_filter ] --END-- [ RunTime:0.000114s ]
INFO: Run Behavior\ParseTemplateBehavior [ RunTime:0.008036s ]
INFO: [ view_parse ] --END-- [ RunTime:0.008074s ]
INFO: [ view_filter ] --START--
INFO: Run Behavior\WriteHtmlCacheBehavior [ RunTime:0.000346s ]
INFO: [ view_filter ] --END-- [ RunTime:0.000370s ]
INFO: [ app_end ] --START--
INFO: Run Behavior\ShowPageTraceBehavior [ RunTime:0.000468s ]
INFO: [ app_end ] --END-- [ RunTime:0.000494s ]

[ 2016-08-22T17:40:05+08:00 ] ::1 /admin.php/localvideo/add.html
INFO: [ app_init ] --START--
INFO: Run Behavior\BuildLiteBehavior [ RunTime:0.000010s ]
INFO: [ app_init ] --END-- [ RunTime:0.000414s ]
INFO: [ app_begin ] --START--
INFO: Run Behavior\ReadHtmlCacheBehavior [ RunTime:0.000719s ]
INFO: [ app_begin ] --END-- [ RunTime:0.000804s ]
INFO: [ view_parse ] --START--
INFO: [ template_filter ] --START--
INFO: Run Behavior\ContentReplaceBehavior [ RunTime:0.000331s ]
INFO: [ template_filter ] --END-- [ RunTime:0.000427s ]
NOTIC: [8] Undefined variable: category D:\My Web Sites\FengHuang2016\FengHuang\Runtime\Cache\Admin\ce63d3d810d54a1cba0c9242df4f1e78.php 第 121 行.
INFO: Run Behavior\ParseTemplateBehavior [ RunTime:0.009355s ]
INFO: [ view_parse ] --END-- [ RunTime:0.009449s ]
INFO: [ view_filter ] --START--
INFO: Run Behavior\WriteHtmlCacheBehavior [ RunTime:0.001391s ]
INFO: [ view_filter ] --END-- [ RunTime:0.001553s ]
INFO: [ app_end ] --START--
INFO: Run Behavior\ShowPageTraceBehavior [ RunTime:0.001551s ]
INFO: [ app_end ] --END-- [ RunTime:0.001677s ]

[ 2016-08-22T17:40:22+08:00 ] ::1 /admin.php/images/big.cur
INFO: [ app_init ] --START--
INFO: Run Behavior\BuildLiteBehavior [ RunTime:0.000010s ]
INFO: [ app_init ] --END-- [ RunTime:0.000446s ]
INFO: [ app_begin ] --START--
INFO: Run Behavior\ReadHtmlCacheBehavior [ RunTime:0.000458s ]
INFO: [ app_begin ] --END-- [ RunTime:0.000493s ]
ERR: 无法加载控制器:Images

[ 2016-08-22T17:40:24+08:00 ] ::1 /admin.php/localvideo/add.html
INFO: [ app_init ] --START--
INFO: Run Behavior\BuildLiteBehavior [ RunTime:0.000009s ]
INFO: [ app_init ] --END-- [ RunTime:0.000534s ]
INFO: [ app_begin ] --START--
INFO: Run Behavior\ReadHtmlCacheBehavior [ RunTime:0.000518s ]
INFO: [ app_begin ] --END-- [ RunTime:0.000549s ]
NOTIC: [8] Use of undefined constant tmp_name - assumed 'tmp_name' D:\My Web Sites\FengHuang2016\FengHuang\Admin\Controller\LocalvideoController.class.php 第 49 行.
NOTIC: [8] Use of undefined constant tmp_name - assumed 'tmp_name' D:\My Web Sites\FengHuang2016\FengHuang\Admin\Controller\LocalvideoController.class.php 第 52 行.
NOTIC: [2] call_user_func() expects parameter 1 to be a valid callback, no array or string given D:\My Web Sites\FengHuang2016\ThinkPHP\Library\Think\Upload.class.php 第 170 行.
NOTIC: [8] Use of undefined constant tmp_name - assumed 'tmp_name' D:\My Web Sites\FengHuang2016\FengHuang\Admin\Controller\LocalvideoController.class.php 第 65 行.
NOTIC: [2] call_user_func() expects parameter 1 to be a valid callback, no array or string given D:\My Web Sites\FengHuang2016\ThinkPHP\Library\Think\Upload.class.php 第 170 行.
SQL: SHOW COLUMNS FROM `video` [ RunTime:0.0006s ]
NOTIC: [8] Undefined index: validate D:\My Web Sites\FengHuang2016\ThinkPHP\Library\Think\Model.class.php 第 1185 行.
NOTIC: [8] Undefined index: auto D:\My Web Sites\FengHuang2016\ThinkPHP\Library\Think\Model.class.php 第 1128 行.
SQL: INSERT INTO `video` (`title`,`intro`,`localVideo`,`imageUrl`,`category`,`ishome`) VALUES ('dafd','adfads','/Uploads/Video/2016-08-22/1471858824.mp4','/Uploads/Video/2016-08-22/1471858824.jpg','2','no') [ RunTime:0.0029s ]
INFO: [ view_parse ] --START--
INFO: [ template_filter ] --START--
INFO: Run Behavior\ContentReplaceBehavior [ RunTime:0.000030s ]
INFO: [ template_filter ] --END-- [ RunTime:0.000060s ]
INFO: Run Behavior\ParseTemplateBehavior [ RunTime:0.004792s ]
INFO: [ view_parse ] --END-- [ RunTime:0.004823s ]
INFO: [ view_filter ] --START--
INFO: Run Behavior\WriteHtmlCacheBehavior [ RunTime:0.000404s ]
INFO: [ view_filter ] --END-- [ RunTime:0.000427s ]
INFO: [ app_end ] --START--
INFO: Run Behavior\ShowPageTraceBehavior [ RunTime:0.000457s ]
INFO: [ app_end ] --END-- [ RunTime:0.000483s ]

[ 2016-08-22T17:40:25+08:00 ] ::1 /admin.php/localvideo/index.html
INFO: [ app_init ] --START--
INFO: Run Behavior\BuildLiteBehavior [ RunTime:0.000020s ]
INFO: [ app_init ] --END-- [ RunTime:0.000757s ]
INFO: [ app_begin ] --START--
INFO: Run Behavior\ReadHtmlCacheBehavior [ RunTime:0.000860s ]
INFO: [ app_begin ] --END-- [ RunTime:0.000934s ]
SQL: SHOW COLUMNS FROM `video` [ RunTime:0.0008s ]
SQL: SELECT COUNT(*) AS tp_count FROM `video` WHERE `category` = '2' LIMIT 1   [ RunTime:0.0004s ]
SQL: SELECT * FROM `video` WHERE `category` = '2' ORDER BY id ASC LIMIT 0,6   [ RunTime:0.0003s ]
INFO: [ view_parse ] --START--
INFO: [ template_filter ] --START--
INFO: Run Behavior\ContentReplaceBehavior [ RunTime:0.000089s ]
INFO: [ template_filter ] --END-- [ RunTime:0.000118s ]
INFO: Run Behavior\ParseTemplateBehavior [ RunTime:0.008975s ]
INFO: [ view_parse ] --END-- [ RunTime:0.009015s ]
INFO: [ view_filter ] --START--
INFO: Run Behavior\WriteHtmlCacheBehavior [ RunTime:0.000397s ]
INFO: [ view_filter ] --END-- [ RunTime:0.000422s ]
INFO: [ app_end ] --START--
INFO: Run Behavior\ShowPageTraceBehavior [ RunTime:0.000473s ]
INFO: [ app_end ] --END-- [ RunTime:0.000499s ]

[ 2016-08-22T17:40:28+08:00 ] ::1 /admin.php/picture/index.html
INFO: [ app_init ] --START--
INFO: Run Behavior\BuildLiteBehavior [ RunTime:0.000011s ]
INFO: [ app_init ] --END-- [ RunTime:0.000423s ]
INFO: [ app_begin ] --START--
INFO: Run Behavior\ReadHtmlCacheBehavior [ RunTime:0.000531s ]
INFO: [ app_begin ] --END-- [ RunTime:0.000573s ]
SQL: SHOW COLUMNS FROM `picture` [ RunTime:0.0020s ]
NOTIC: [8] Undefined variable: where D:\My Web Sites\FengHuang2016\FengHuang\Admin\Controller\PictureController.class.php 第 11 行.
NOTIC: [8] Undefined variable: where D:\My Web Sites\FengHuang2016\FengHuang\Admin\Controller\PictureController.class.php 第 12 行.
SQL: SELECT COUNT(*) AS tp_count FROM `picture` LIMIT 1   [ RunTime:0.0006s ]
NOTIC: [8] Undefined variable: where D:\My Web Sites\FengHuang2016\FengHuang\Admin\Controller\PictureController.class.php 第 14 行.
NOTIC: [8] Undefined variable: where D:\My Web Sites\FengHuang2016\FengHuang\Admin\Controller\PictureController.class.php 第 16 行.
SQL: SELECT * FROM `picture` ORDER BY id ASC LIMIT 0,12   [ RunTime:0.0008s ]
INFO: [ view_parse ] --START--
INFO: [ template_filter ] --START--
INFO: Run Behavior\ContentReplaceBehavior [ RunTime:0.000258s ]
INFO: [ template_filter ] --END-- [ RunTime:0.000366s ]
NOTIC: [8] Undefined variable: category D:\My Web Sites\FengHuang2016\FengHuang\Runtime\Cache\Admin\dd87bf58bee6ca7234bf0c312460fe7f.php 第 118 行.
INFO: Run Behavior\ParseTemplateBehavior [ RunTime:0.021409s ]
INFO: [ view_parse ] --END-- [ RunTime:0.021474s ]
INFO: [ view_filter ] --START--
INFO: Run Behavior\WriteHtmlCacheBehavior [ RunTime:0.000439s ]
INFO: [ view_filter ] --END-- [ RunTime:0.000477s ]
INFO: [ app_end ] --START--
INFO: Run Behavior\ShowPageTraceBehavior [ RunTime:0.000569s ]
INFO: [ app_end ] --END-- [ RunTime:0.000610s ]

[ 2016-08-22T17:42:01+08:00 ] ::1 /admin.php/picture/index.html
INFO: [ app_init ] --START--
INFO: Run Behavior\BuildLiteBehavior [ RunTime:0.000008s ]
INFO: [ app_init ] --END-- [ RunTime:0.000321s ]
INFO: [ app_begin ] --START--
INFO: Run Behavior\ReadHtmlCacheBehavior [ RunTime:0.000360s ]
INFO: [ app_begin ] --END-- [ RunTime:0.000391s ]
SQL: SHOW COLUMNS FROM `picture` [ RunTime:0.0013s ]
NOTIC: [8] Undefined variable: where D:\My Web Sites\FengHuang2016\FengHuang\Admin\Controller\PictureController.class.php 第 11 行.
NOTIC: [8] Undefined variable: where D:\My Web Sites\FengHuang2016\FengHuang\Admin\Controller\PictureController.class.php 第 12 行.
SQL: SELECT COUNT(*) AS tp_count FROM `picture` LIMIT 1   [ RunTime:0.0004s ]
NOTIC: [8] Undefined variable: where D:\My Web Sites\FengHuang2016\FengHuang\Admin\Controller\PictureController.class.php 第 14 行.
NOTIC: [8] Undefined variable: where D:\My Web Sites\FengHuang2016\FengHuang\Admin\Controller\PictureController.class.php 第 16 行.
SQL: SELECT * FROM `picture` ORDER BY id ASC LIMIT 0,12   [ RunTime:0.0005s ]
INFO: [ view_parse ] --START--
INFO: [ template_filter ] --START--
INFO: Run Behavior\ContentReplaceBehavior [ RunTime:0.000193s ]
INFO: [ template_filter ] --END-- [ RunTime:0.000257s ]
NOTIC: [8] Undefined variable: category D:\My Web Sites\FengHuang2016\FengHuang\Runtime\Cache\Admin\dd87bf58bee6ca7234bf0c312460fe7f.php 第 118 行.
INFO: Run Behavior\ParseTemplateBehavior [ RunTime:0.017616s ]
INFO: [ view_parse ] --END-- [ RunTime:0.017683s ]
INFO: [ view_filter ] --START--
INFO: Run Behavior\WriteHtmlCacheBehavior [ RunTime:0.000796s ]
INFO: [ view_filter ] --END-- [ RunTime:0.000854s ]
INFO: [ app_end ] --START--
INFO: Run Behavior\ShowPageTraceBehavior [ RunTime:0.001071s ]
INFO: [ app_end ] --END-- [ RunTime:0.001131s ]

[ 2016-08-22T17:42:43+08:00 ] ::1 /admin.php/picture/index.html
INFO: [ app_init ] --START--
INFO: Run Behavior\BuildLiteBehavior [ RunTime:0.000009s ]
INFO: [ app_init ] --END-- [ RunTime:0.000374s ]
INFO: [ app_begin ] --START--
INFO: Run Behavior\ReadHtmlCacheBehavior [ RunTime:0.000469s ]
INFO: [ app_begin ] --END-- [ RunTime:0.000502s ]
SQL: SHOW COLUMNS FROM `picture` [ RunTime:0.0008s ]
NOTIC: [8] Undefined variable: where D:\My Web Sites\FengHuang2016\FengHuang\Admin\Controller\PictureController.class.php 第 11 行.
NOTIC: [8] Undefined variable: where D:\My Web Sites\FengHuang2016\FengHuang\Admin\Controller\PictureController.class.php 第 12 行.
SQL: SELECT COUNT(*) AS tp_count FROM `picture` LIMIT 1   [ RunTime:0.0002s ]
NOTIC: [8] Undefined variable: where D:\My Web Sites\FengHuang2016\FengHuang\Admin\Controller\PictureController.class.php 第 14 行.
NOTIC: [8] Undefined variable: where D:\My Web Sites\FengHuang2016\FengHuang\Admin\Controller\PictureController.class.php 第 16 行.
SQL: SELECT * FROM `picture` ORDER BY id ASC LIMIT 0,12   [ RunTime:0.0005s ]
INFO: [ view_parse ] --START--
INFO: [ template_filter ] --START--
INFO: Run Behavior\ContentReplaceBehavior [ RunTime:0.000095s ]
INFO: [ template_filter ] --END-- [ RunTime:0.000134s ]
NOTIC: [8] Undefined variable: category D:\My Web Sites\FengHuang2016\FengHuang\Runtime\Cache\Admin\dd87bf58bee6ca7234bf0c312460fe7f.php 第 118 行.
INFO: Run Behavior\ParseTemplateBehavior [ RunTime:0.010065s ]
INFO: [ view_parse ] --END-- [ RunTime:0.010098s ]
INFO: [ view_filter ] --START--
INFO: Run Behavior\WriteHtmlCacheBehavior [ RunTime:0.000467s ]
INFO: [ view_filter ] --END-- [ RunTime:0.000509s ]
INFO: [ app_end ] --START--
INFO: Run Behavior\ShowPageTraceBehavior [ RunTime:0.000475s ]
INFO: [ app_end ] --END-- [ RunTime:0.000500s ]

[ 2016-08-22T17:42:45+08:00 ] ::1 /admin.php/index/index.html
INFO: [ app_init ] --START--
INFO: Run Behavior\BuildLiteBehavior [ RunTime:0.000010s ]
INFO: [ app_init ] --END-- [ RunTime:0.000442s ]
INFO: [ app_begin ] --START--
INFO: Run Behavior\ReadHtmlCacheBehavior [ RunTime:0.000426s ]
INFO: [ app_begin ] --END-- [ RunTime:0.000460s ]
INFO: [ view_parse ] --START--
INFO: [ template_filter ] --START--
INFO: Run Behavior\ContentReplaceBehavior [ RunTime:0.000119s ]
INFO: [ template_filter ] --END-- [ RunTime:0.000165s ]
INFO: Run Behavior\ParseTemplateBehavior [ RunTime:0.011448s ]
INFO: [ view_parse ] --END-- [ RunTime:0.011514s ]
INFO: [ view_filter ] --START--
INFO: Run Behavior\WriteHtmlCacheBehavior [ RunTime:0.000479s ]
INFO: [ view_filter ] --END-- [ RunTime:0.000531s ]
INFO: [ app_end ] --START--
INFO: Run Behavior\ShowPageTraceBehavior [ RunTime:0.000753s ]
INFO: [ app_end ] --END-- [ RunTime:0.000788s ]

[ 2016-08-22T17:42:46+08:00 ] ::1 /admin.php/intro/index/category/1.html
INFO: [ app_init ] --START--
INFO: Run Behavior\BuildLiteBehavior [ RunTime:0.000011s ]
INFO: [ app_init ] --END-- [ RunTime:0.000378s ]
INFO: [ app_begin ] --START--
INFO: Run Behavior\ReadHtmlCacheBehavior [ RunTime:0.000440s ]
INFO: [ app_begin ] --END-- [ RunTime:0.000484s ]
SQL: SHOW COLUMNS FROM `intro` [ RunTime:0.0007s ]
SQL: SELECT COUNT(*) AS tp_count FROM `intro` WHERE `category` = '1' LIMIT 1   [ RunTime:0.0004s ]
SQL: SELECT * FROM `intro` WHERE `category` = '1' LIMIT 1   [ RunTime:0.0002s ]
INFO: [ view_parse ] --START--
INFO: [ template_filter ] --START--
INFO: Run Behavior\ContentReplaceBehavior [ RunTime:0.000089s ]
INFO: [ template_filter ] --END-- [ RunTime:0.000119s ]
INFO: Run Behavior\ParseTemplateBehavior [ RunTime:0.008770s ]
INFO: [ view_parse ] --END-- [ RunTime:0.008805s ]
INFO: [ view_filter ] --START--
INFO: Run Behavior\WriteHtmlCacheBehavior [ RunTime:0.000409s ]
INFO: [ view_filter ] --END-- [ RunTime:0.000435s ]
INFO: [ app_end ] --START--
INFO: Run Behavior\ShowPageTraceBehavior [ RunTime:0.000530s ]
INFO: [ app_end ] --END-- [ RunTime:0.000557s ]

[ 2016-08-22T17:42:47+08:00 ] ::1 /admin.php/article/index/category/12.html
INFO: [ app_init ] --START--
INFO: Run Behavior\BuildLiteBehavior [ RunTime:0.000010s ]
INFO: [ app_init ] --END-- [ RunTime:0.000590s ]
INFO: [ app_begin ] --START--
INFO: Run Behavior\ReadHtmlCacheBehavior [ RunTime:0.000563s ]
INFO: [ app_begin ] --END-- [ RunTime:0.000644s ]
SQL: SHOW COLUMNS FROM `article` [ RunTime:0.0014s ]
SQL: SELECT COUNT(*) AS tp_count FROM `article` WHERE `category` = '12' LIMIT 1   [ RunTime:0.0006s ]
SQL: SELECT * FROM `article` WHERE `category` = '12' ORDER BY id ASC LIMIT 0,10   [ RunTime:0.0004s ]
INFO: [ view_parse ] --START--
INFO: [ template_filter ] --START--
INFO: Run Behavior\ContentReplaceBehavior [ RunTime:0.000142s ]
INFO: [ template_filter ] --END-- [ RunTime:0.000195s ]
INFO: Run Behavior\ParseTemplateBehavior [ RunTime:0.011409s ]
INFO: [ view_parse ] --END-- [ RunTime:0.011446s ]
INFO: [ view_filter ] --START--
INFO: Run Behavior\WriteHtmlCacheBehavior [ RunTime:0.000451s ]
INFO: [ view_filter ] --END-- [ RunTime:0.000480s ]
INFO: [ app_end ] --START--
INFO: Run Behavior\ShowPageTraceBehavior [ RunTime:0.000545s ]
INFO: [ app_end ] --END-- [ RunTime:0.000571s ]

